<?xml version="1.0" ?>
<!DOCTYPE coverage
  SYSTEM 'http://cobertura.sourceforge.net/xml/coverage-03.dtd'>
<coverage branch-rate="0.1091" line-rate="0.2699" timestamp="1420287855850" version="4.0a1">
	<!-- Generated by coverage.py: http://nedbatchelder.com/code/coverage/4.0a1 -->
	<sources>
		<source>/home/rik/A-Pc/Website</source>
	</sources>
	<packages>
		<package branch-rate="0" complexity="0" line-rate="1" name="">
			<classes>
				<class branch-rate="0" complexity="0" filename="pcbuilder/admin.py" line-rate="1" name="pcbuilder/admin">
					<methods/>
					<lines>
						<line hits="1" number="1"/>
					</lines>
				</class>
				<class branch-rate="0" complexity="0" filename="pcbuilder/models.py" line-rate="1" name="pcbuilder/models">
					<methods/>
					<lines>
						<line hits="1" number="1"/>
						<line hits="1" number="3"/>
						<line hits="1" number="4"/>
						<line hits="1" number="6"/>
						<line hits="1" number="8"/>
						<line hits="1" number="10"/>
						<line hits="1" number="11"/>
						<line hits="1" number="12"/>
						<line hits="1" number="13"/>
						<line hits="1" number="14"/>
						<line hits="1" number="15"/>
						<line hits="1" number="16"/>
						<line hits="1" number="17"/>
						<line hits="1" number="18"/>
						<line hits="1" number="19"/>
						<line hits="1" number="20"/>
						<line hits="1" number="21"/>
						<line hits="1" number="23"/>
						<line hits="1" number="24"/>
						<line hits="1" number="25"/>
						<line hits="1" number="26"/>
						<line hits="1" number="27"/>
						<line hits="1" number="28"/>
						<line hits="1" number="29"/>
						<line hits="1" number="31"/>
						<line hits="1" number="32"/>
						<line hits="1" number="33"/>
						<line hits="1" number="34"/>
						<line hits="1" number="37"/>
						<line hits="1" number="39"/>
						<line hits="1" number="40"/>
						<line hits="1" number="41"/>
						<line hits="1" number="42"/>
						<line hits="1" number="43"/>
						<line hits="1" number="44"/>
						<line hits="1" number="45"/>
						<line hits="1" number="46"/>
						<line hits="1" number="47"/>
						<line hits="1" number="48"/>
						<line hits="1" number="50"/>
						<line hits="1" number="52"/>
						<line hits="1" number="53"/>
						<line hits="1" number="54"/>
						<line hits="1" number="55"/>
						<line hits="1" number="56"/>
						<line hits="1" number="57"/>
						<line hits="1" number="58"/>
						<line hits="1" number="59"/>
						<line hits="1" number="60"/>
						<line hits="1" number="61"/>
						<line hits="1" number="62"/>
						<line hits="1" number="64"/>
						<line hits="1" number="66"/>
						<line hits="1" number="67"/>
						<line hits="1" number="68"/>
						<line hits="1" number="69"/>
						<line hits="1" number="70"/>
						<line hits="1" number="71"/>
						<line hits="1" number="72"/>
						<line hits="1" number="73"/>
						<line hits="1" number="74"/>
						<line hits="1" number="75"/>
						<line hits="1" number="77"/>
						<line hits="1" number="79"/>
						<line hits="1" number="80"/>
						<line hits="1" number="81"/>
						<line hits="1" number="82"/>
						<line hits="1" number="83"/>
						<line hits="1" number="84"/>
						<line hits="1" number="85"/>
						<line hits="1" number="86"/>
						<line hits="1" number="87"/>
						<line hits="1" number="88"/>
						<line hits="1" number="90"/>
						<line hits="1" number="92"/>
						<line hits="1" number="93"/>
						<line hits="1" number="94"/>
						<line hits="1" number="95"/>
						<line hits="1" number="96"/>
						<line hits="1" number="97"/>
						<line hits="1" number="98"/>
						<line hits="1" number="99"/>
						<line hits="1" number="100"/>
						<line hits="1" number="101"/>
						<line hits="1" number="103"/>
						<line hits="1" number="105"/>
						<line hits="1" number="106"/>
						<line hits="1" number="107"/>
						<line hits="1" number="108"/>
						<line hits="1" number="109"/>
						<line hits="1" number="110"/>
						<line hits="1" number="111"/>
						<line hits="1" number="112"/>
						<line hits="1" number="113"/>
						<line hits="1" number="114"/>
						<line hits="1" number="115"/>
						<line hits="1" number="117"/>
						<line hits="1" number="119"/>
						<line hits="1" number="120"/>
						<line hits="1" number="121"/>
						<line hits="1" number="122"/>
						<line hits="1" number="123"/>
						<line hits="1" number="124"/>
						<line hits="1" number="125"/>
						<line hits="1" number="126"/>
						<line hits="1" number="127"/>
						<line hits="1" number="128"/>
					</lines>
				</class>
				<class branch-rate="0" complexity="0" filename="pcbuilder/tests.py" line-rate="1" name="pcbuilder/tests">
					<methods/>
					<lines>
						<line hits="1" number="1"/>
						<line hits="1" number="2"/>
						<line hits="1" number="3"/>
						<line hits="1" number="4"/>
						<line hits="1" number="5"/>
						<line hits="1" number="7"/>
						<line hits="1" number="10"/>
						<line hits="1" number="11"/>
						<line hits="1" number="12"/>
						<line hits="1" number="13"/>
						<line hits="1" number="15"/>
					</lines>
				</class>
			</classes>
		</package>
		<package branch-rate="0.1091" complexity="0" line-rate="0.2475" name=".usr.local.lib.python2">
			<classes>
				<class branch-rate="0" complexity="0" filename="/usr/local/lib/python2.7/dist-packages/django/contrib/admin/__init__.py" line-rate="0.1" name="/usr/local/lib/python2.7/dist-packages/django/contrib/admin/__init__">
					<methods/>
					<lines>
						<line hits="0" number="3"/>
						<line hits="0" number="4"/>
						<line hits="0" number="5"/>
						<line hits="0" number="7"/>
						<line hits="0" number="10"/>
						<line hits="0" number="11"/>
						<line hits="0" number="13"/>
						<line hits="0" number="22"/>
						<line hits="1" number="23"/>
						<line hits="0" number="26"/>
					</lines>
				</class>
				<class branch-rate="0" complexity="0" filename="/usr/local/lib/python2.7/dist-packages/django/contrib/admin/apps.py" line-rate="0.2308" name="/usr/local/lib/python2.7/dist-packages/django/contrib/admin/apps">
					<methods/>
					<lines>
						<line hits="0" number="1"/>
						<line hits="0" number="2"/>
						<line hits="0" number="3"/>
						<line hits="0" number="4"/>
						<line hits="0" number="7"/>
						<line hits="0" number="10"/>
						<line hits="0" number="11"/>
						<line hits="0" number="13"/>
						<line hits="1" number="14"/>
						<line hits="0" number="17"/>
						<line hits="0" number="20"/>
						<line hits="1" number="21"/>
						<line hits="1" number="22"/>
					</lines>
				</class>
				<class branch-rate="0.3111" complexity="0" filename="/usr/local/lib/python2.7/dist-packages/django/contrib/admin/checks.py" line-rate="0.3183" name="/usr/local/lib/python2.7/dist-packages/django/contrib/admin/checks">
					<methods/>
					<lines>
						<line hits="0" number="2"/>
						<line hits="0" number="4"/>
						<line hits="0" number="6"/>
						<line hits="0" number="7"/>
						<line hits="0" number="8"/>
						<line hits="0" number="9"/>
						<line hits="0" number="10"/>
						<line hits="0" number="13"/>
						<line hits="1" number="14"/>
						<line branch="true" condition-coverage="100% (2/2)" hits="1" number="16"/>
						<line hits="0" number="22"/>
						<line hits="0" number="24"/>
						<line hits="1" number="25"/>
						<line hits="1" number="26"/>
						<line hits="1" number="27"/>
						<line hits="1" number="28"/>
						<line hits="1" number="29"/>
						<line hits="1" number="30"/>
						<line hits="1" number="31"/>
						<line hits="1" number="32"/>
						<line hits="1" number="33"/>
						<line hits="1" number="34"/>
						<line hits="1" number="35"/>
						<line hits="1" number="36"/>
						<line hits="1" number="37"/>
						<line hits="1" number="38"/>
						<line hits="0" number="40"/>
						<line branch="true" condition-coverage="50% (1/2)" hits="1" number="44"/>
						<line hits="0" number="45"/>
						<line hits="1" number="47"/>
						<line hits="0" number="52"/>
						<line hits="0" number="57"/>
						<line hits="0" number="58"/>
						<line hits="0" number="59"/>
						<line hits="0" number="60"/>
						<line branch="true" condition-coverage="0% (0/2)" hits="0" number="63"/>
						<line hits="0" number="64"/>
						<line hits="0" number="67"/>
						<line hits="0" number="69"/>
						<line branch="true" condition-coverage="50% (1/2)" hits="1" number="74"/>
						<line hits="1" number="75"/>
						<line branch="true" condition-coverage="0% (0/2)" hits="0" number="76"/>
						<line hits="0" number="77"/>
						<line branch="true" condition-coverage="0% (0/2)" hits="0" number="78"/>
						<line hits="0" number="79"/>
						<line hits="0" number="87"/>
						<line branch="true" condition-coverage="0% (0/2)" hits="0" number="88"/>
						<line hits="0" number="89"/>
						<line hits="0" number="98"/>
						<line hits="0" number="103"/>
						<line branch="true" condition-coverage="100% (2/2)" hits="1" number="107"/>
						<line hits="1" number="108"/>
						<line branch="true" condition-coverage="50% (1/2)" hits="1" number="109"/>
						<line hits="0" number="110"/>
						<line hits="1" number="112"/>
						<line hits="0" number="117"/>
						<line branch="true" condition-coverage="50% (1/2)" hits="1" number="121"/>
						<line hits="0" number="122"/>
						<line branch="true" condition-coverage="50% (1/2)" hits="1" number="123"/>
						<line hits="0" number="124"/>
						<line branch="true" condition-coverage="50% (1/2)" hits="1" number="125"/>
						<line hits="0" number="126"/>
						<line branch="true" condition-coverage="50% (1/2)" hits="1" number="127"/>
						<line hits="0" number="128"/>
						<line hits="1" number="137"/>
						<line branch="true" condition-coverage="50% (1/2)" hits="1" number="138"/>
						<line hits="0" number="139"/>
						<line hits="1" number="147"/>
						<line hits="0" number="152"/>
						<line branch="true" condition-coverage="50% (1/2)" hits="1" number="157"/>
						<line hits="0" number="158"/>
						<line hits="1" number="163"/>
						<line hits="0" number="165"/>
						<line branch="true" condition-coverage="50% (1/2)" hits="1" number="166"/>
						<line hits="0" number="170"/>
						<line hits="1" number="172"/>
						<line hits="1" number="173"/>
						<line hits="0" number="174"/>
						<line hits="0" number="177"/>
						<line branch="true" condition-coverage="66% (2/3)" hits="1" number="179"/>
						<line hits="0" number="181"/>
						<line hits="1" number="192"/>
						<line hits="0" number="194"/>
						<line branch="true" condition-coverage="50% (1/2)" hits="1" number="197"/>
						<line hits="1" number="198"/>
						<line branch="true" condition-coverage="0% (0/2)" hits="0" number="199"/>
						<line hits="0" number="200"/>
						<line branch="true" condition-coverage="0% (0/2)" hits="0" number="201"/>
						<line hits="0" number="202"/>
						<line hits="0" number="211"/>
						<line hits="0" number="213"/>
						<line branch="true" condition-coverage="50% (1/2)" hits="1" number="216"/>
						<line hits="0" number="217"/>
						<line hits="1" number="220"/>
						<line hits="0" number="222"/>
						<line branch="true" condition-coverage="50% (1/2)" hits="1" number="225"/>
						<line hits="0" number="226"/>
						<line branch="true" condition-coverage="50% (1/2)" hits="1" number="227"/>
						<line hits="0" number="228"/>
						<line hits="1" number="230"/>
						<line hits="0" number="235"/>
						<line branch="true" condition-coverage="50% (1/2)" hits="1" number="238"/>
						<line hits="0" number="239"/>
						<line branch="true" condition-coverage="50% (1/2)" hits="1" number="240"/>
						<line hits="0" number="241"/>
						<line hits="1" number="243"/>
						<line hits="0" number="248"/>
						<line hits="1" number="252"/>
						<line hits="1" number="253"/>
						<line hits="0" number="254"/>
						<line hits="0" number="255"/>
						<line branch="true" condition-coverage="50% (1/2)" hits="1" number="258"/>
						<line hits="0" number="259"/>
						<line hits="1" number="261"/>
						<line hits="0" number="263"/>
						<line branch="true" condition-coverage="50% (1/2)" hits="1" number="266"/>
						<line hits="0" number="267"/>
						<line branch="true" condition-coverage="50% (1/2)" hits="1" number="268"/>
						<line hits="0" number="269"/>
						<line hits="1" number="271"/>
						<line hits="0" number="277"/>
						<line hits="0" number="281"/>
						<line hits="0" number="282"/>
						<line hits="0" number="283"/>
						<line hits="0" number="284"/>
						<line branch="true" condition-coverage="0% (0/2)" hits="0" number="287"/>
						<line hits="0" number="288"/>
						<line hits="0" number="299"/>
						<line hits="0" number="301"/>
						<line hits="0" number="304"/>
						<line branch="true" condition-coverage="0% (0/2)" hits="0" number="306"/>
						<line hits="0" number="307"/>
						<line hits="0" number="316"/>
						<line hits="0" number="318"/>
						<line branch="true" condition-coverage="50% (1/2)" hits="1" number="319"/>
						<line branch="true" condition-coverage="50% (1/2)" hits="1" number="320"/>
						<line hits="0" number="321"/>
						<line hits="1" number="330"/>
						<line hits="0" number="332"/>
						<line hits="0" number="334"/>
						<line branch="true" condition-coverage="50% (1/2)" hits="1" number="338"/>
						<line hits="0" number="339"/>
						<line branch="true" condition-coverage="50% (1/2)" hits="1" number="340"/>
						<line hits="0" number="341"/>
						<line hits="1" number="343"/>
						<line hits="0" number="349"/>
						<line hits="0" number="354"/>
						<line hits="0" number="360"/>
						<line hits="0" number="361"/>
						<line hits="0" number="362"/>
						<line hits="0" number="363"/>
						<line branch="true" condition-coverage="0% (0/2)" hits="0" number="366"/>
						<line hits="0" number="367"/>
						<line hits="0" number="379"/>
						<line hits="0" number="381"/>
						<line branch="true" condition-coverage="0% (0/2)" hits="0" number="385"/>
						<line hits="0" number="386"/>
						<line hits="0" number="388"/>
						<line hits="0" number="393"/>
						<line hits="0" number="397"/>
						<line hits="0" number="398"/>
						<line hits="0" number="399"/>
						<line hits="0" number="400"/>
						<line hits="0" number="403"/>
						<line hits="0" number="405"/>
						<line branch="true" condition-coverage="100% (2/2)" hits="1" number="409"/>
						<line hits="1" number="410"/>
						<line branch="true" condition-coverage="50% (1/2)" hits="1" number="411"/>
						<line hits="0" number="412"/>
						<line hits="1" number="414"/>
						<line hits="0" number="419"/>
						<line branch="true" condition-coverage="50% (1/2)" hits="1" number="422"/>
						<line hits="0" number="423"/>
						<line branch="true" condition-coverage="50% (1/2)" hits="1" number="432"/>
						<line hits="0" number="433"/>
						<line branch="true" condition-coverage="50% (1/2)" hits="1" number="434"/>
						<line hits="0" number="437"/>
						<line branch="true" condition-coverage="50% (1/2)" hits="1" number="439"/>
						<line hits="0" number="440"/>
						<line hits="1" number="442"/>
						<line hits="1" number="443"/>
						<line hits="0" number="444"/>
						<line hits="0" number="445"/>
						<line hits="1" number="448"/>
						<line hits="0" number="450"/>
						<line branch="true" condition-coverage="50% (1/2)" hits="1" number="453"/>
						<line hits="1" number="454"/>
						<line branch="true" condition-coverage="0% (0/2)" hits="0" number="455"/>
						<line hits="0" number="456"/>
						<line hits="0" number="458"/>
						<line hits="0" number="463"/>
						<line branch="true" condition-coverage="0% (0/2)" hits="0" number="464"/>
						<line hits="0" number="465"/>
						<line branch="true" condition-coverage="0% (0/2)" hits="0" number="466"/>
						<line hits="0" number="467"/>
						<line branch="true" condition-coverage="0% (0/2)" hits="0" number="468"/>
						<line hits="0" number="469"/>
						<line hits="0" number="471"/>
						<line hits="0" number="472"/>
						<line hits="0" number="473"/>
						<line hits="0" number="474"/>
						<line hits="0" number="485"/>
						<line hits="0" number="488"/>
						<line hits="0" number="490"/>
						<line hits="1" number="491"/>
						<line hits="1" number="492"/>
						<line hits="1" number="493"/>
						<line hits="1" number="494"/>
						<line hits="1" number="495"/>
						<line hits="1" number="496"/>
						<line hits="1" number="497"/>
						<line hits="1" number="498"/>
						<line hits="1" number="499"/>
						<line hits="1" number="500"/>
						<line hits="1" number="501"/>
						<line hits="1" number="502"/>
						<line hits="1" number="503"/>
						<line hits="1" number="504"/>
						<line hits="0" number="506"/>
						<line branch="true" condition-coverage="50% (1/2)" hits="1" number="509"/>
						<line hits="0" number="510"/>
						<line hits="1" number="513"/>
						<line hits="0" number="515"/>
						<line branch="true" condition-coverage="50% (1/2)" hits="1" number="518"/>
						<line hits="0" number="519"/>
						<line hits="1" number="522"/>
						<line hits="0" number="524"/>
						<line branch="true" condition-coverage="50% (1/2)" hits="1" number="527"/>
						<line hits="0" number="528"/>
						<line hits="1" number="530"/>
						<line hits="0" number="535"/>
						<line hits="0" number="537"/>
						<line hits="0" number="539"/>
						<line branch="true" condition-coverage="0% (0/2)" hits="0" number="541"/>
						<line hits="0" number="542"/>
						<line branch="true" condition-coverage="0% (0/2)" hits="0" number="550"/>
						<line hits="0" number="551"/>
						<line branch="true" condition-coverage="0% (0/2)" hits="0" number="559"/>
						<line hits="0" number="560"/>
						<line hits="0" number="563"/>
						<line hits="0" number="565"/>
						<line branch="true" condition-coverage="50% (1/2)" hits="1" number="569"/>
						<line hits="0" number="570"/>
						<line hits="1" number="572"/>
						<line hits="0" number="577"/>
						<line branch="true" condition-coverage="50% (1/2)" hits="1" number="578"/>
						<line hits="0" number="579"/>
						<line branch="true" condition-coverage="100% (2/2)" hits="1" number="580"/>
						<line hits="1" number="581"/>
						<line branch="true" condition-coverage="50% (1/2)" hits="1" number="582"/>
						<line hits="0" number="584"/>
						<line hits="0" number="585"/>
						<line hits="0" number="586"/>
						<line hits="0" number="587"/>
						<line hits="0" number="588"/>
						<line hits="0" number="589"/>
						<line hits="0" number="590"/>
						<line branch="true" condition-coverage="0% (0/2)" hits="0" number="592"/>
						<line hits="0" number="593"/>
						<line branch="true" condition-coverage="0% (0/2)" hits="0" number="603"/>
						<line hits="0" number="604"/>
						<line hits="0" number="613"/>
						<line hits="1" number="615"/>
						<line hits="1" number="616"/>
						<line hits="0" number="617"/>
						<line hits="0" number="618"/>
						<line hits="1" number="631"/>
						<line hits="0" number="633"/>
						<line branch="true" condition-coverage="50% (1/2)" hits="1" number="637"/>
						<line hits="0" number="638"/>
						<line branch="true" condition-coverage="50% (1/2)" hits="1" number="639"/>
						<line hits="0" number="640"/>
						<line hits="1" number="642"/>
						<line hits="0" number="647"/>
						<line branch="true" condition-coverage="0% (0/2)" hits="0" number="648"/>
						<line hits="0" number="649"/>
						<line hits="0" number="660"/>
						<line hits="0" number="662"/>
						<line branch="true" condition-coverage="50% (1/2)" hits="1" number="663"/>
						<line hits="0" number="664"/>
						<line hits="1" number="666"/>
						<line hits="0" number="671"/>
						<line hits="1" number="680"/>
						<line branch="true" condition-coverage="50% (1/2)" hits="1" number="682"/>
						<line branch="true" condition-coverage="0% (0/2)" hits="0" number="684"/>
						<line hits="0" number="685"/>
						<line branch="true" condition-coverage="0% (0/2)" hits="0" number="688"/>
						<line hits="0" number="689"/>
						<line hits="0" number="698"/>
						<line branch="true" condition-coverage="50% (1/2)" hits="1" number="699"/>
						<line hits="0" number="701"/>
						<line branch="true" condition-coverage="0% (0/2)" hits="0" number="702"/>
						<line hits="0" number="703"/>
						<line hits="0" number="706"/>
						<line hits="1" number="709"/>
						<line hits="1" number="712"/>
						<line hits="1" number="713"/>
						<line hits="0" number="714"/>
						<line hits="0" number="715"/>
						<line hits="1" number="724"/>
						<line hits="0" number="726"/>
						<line branch="true" condition-coverage="50% (1/2)" hits="1" number="729"/>
						<line hits="0" number="730"/>
						<line hits="1" number="733"/>
						<line hits="0" number="735"/>
						<line branch="true" condition-coverage="50% (1/2)" hits="1" number="738"/>
						<line hits="0" number="739"/>
						<line hits="1" number="741"/>
						<line hits="0" number="743"/>
						<line branch="true" condition-coverage="50% (1/2)" hits="1" number="746"/>
						<line hits="0" number="747"/>
						<line hits="1" number="749"/>
						<line hits="0" number="751"/>
						<line branch="true" condition-coverage="50% (1/2)" hits="1" number="755"/>
						<line hits="0" number="756"/>
						<line hits="1" number="758"/>
						<line hits="0" number="763"/>
						<line hits="0" number="764"/>
						<line hits="0" number="765"/>
						<line hits="0" number="766"/>
						<line hits="0" number="767"/>
						<line branch="true" condition-coverage="0% (0/2)" hits="0" number="770"/>
						<line hits="0" number="771"/>
						<line hits="0" number="774"/>
						<line branch="true" condition-coverage="0% (0/2)" hits="0" number="782"/>
						<line hits="0" number="783"/>
						<line branch="true" condition-coverage="0% (0/3)" hits="0" number="793"/>
						<line hits="0" number="795"/>
						<line branch="true" condition-coverage="0% (0/2)" hits="0" number="806"/>
						<line hits="0" number="807"/>
						<line hits="0" number="818"/>
						<line hits="0" number="820"/>
						<line branch="true" condition-coverage="50% (1/2)" hits="1" number="823"/>
						<line hits="0" number="824"/>
						<line hits="1" number="826"/>
						<line hits="0" number="828"/>
						<line branch="true" condition-coverage="50% (1/2)" hits="1" number="831"/>
						<line hits="1" number="832"/>
						<line hits="0" number="834"/>
						<line hits="0" number="835"/>
						<line hits="0" number="836"/>
						<line hits="0" number="837"/>
						<line branch="true" condition-coverage="0% (0/2)" hits="0" number="841"/>
						<line hits="0" number="842"/>
						<line hits="0" number="845"/>
						<line hits="0" number="848"/>
						<line hits="0" number="850"/>
						<line hits="0" number="851"/>
						<line hits="0" number="852"/>
						<line hits="0" number="853"/>
						<line hits="0" number="854"/>
						<line hits="0" number="855"/>
						<line hits="0" number="856"/>
						<line hits="0" number="857"/>
						<line hits="0" number="858"/>
						<line hits="0" number="860"/>
						<line hits="0" number="863"/>
						<line branch="true" condition-coverage="0% (0/2)" hits="0" number="864"/>
						<line hits="0" number="865"/>
						<line branch="true" condition-coverage="0% (0/2)" hits="0" number="868"/>
						<line hits="0" number="869"/>
						<line branch="true" condition-coverage="0% (0/2)" hits="0" number="871"/>
						<line hits="0" number="872"/>
						<line hits="0" number="874"/>
						<line branch="true" condition-coverage="0% (0/2)" hits="0" number="875"/>
						<line hits="0" number="876"/>
						<line hits="0" number="888"/>
						<line hits="0" number="890"/>
						<line hits="0" number="891"/>
						<line hits="0" number="892"/>
						<line hits="0" number="893"/>
						<line hits="0" number="894"/>
						<line hits="0" number="896"/>
						<line hits="0" number="898"/>
						<line branch="true" condition-coverage="0% (0/2)" hits="0" number="901"/>
						<line hits="0" number="902"/>
						<line hits="0" number="904"/>
						<line hits="0" number="906"/>
						<line branch="true" condition-coverage="0% (0/2)" hits="0" number="909"/>
						<line hits="0" number="910"/>
						<line branch="true" condition-coverage="0% (0/2)" hits="0" number="911"/>
						<line hits="0" number="912"/>
						<line hits="0" number="914"/>
						<line hits="0" number="916"/>
						<line branch="true" condition-coverage="0% (0/2)" hits="0" number="919"/>
						<line hits="0" number="920"/>
						<line branch="true" condition-coverage="0% (0/2)" hits="0" number="921"/>
						<line hits="0" number="922"/>
						<line hits="0" number="924"/>
						<line hits="0" number="926"/>
						<line branch="true" condition-coverage="0% (0/2)" hits="0" number="929"/>
						<line hits="0" number="930"/>
						<line hits="0" number="933"/>
						<line hits="0" number="936"/>
						<line hits="0" number="937"/>
						<line hits="0" number="947"/>
						<line hits="0" number="948"/>
						<line hits="0" number="958"/>
						<line hits="0" number="959"/>
					</lines>
				</class>
				<class branch-rate="0.2" complexity="0" filename="/usr/local/lib/python2.7/dist-packages/django/contrib/admin/models.py" line-rate="0.6316" name="/usr/local/lib/python2.7/dist-packages/django/contrib/admin/models">
					<methods/>
					<lines>
						<line hits="1" number="1"/>
						<line hits="1" number="3"/>
						<line hits="1" number="4"/>
						<line hits="1" number="5"/>
						<line hits="1" number="6"/>
						<line hits="1" number="7"/>
						<line hits="1" number="8"/>
						<line hits="1" number="9"/>
						<line hits="1" number="10"/>
						<line hits="1" number="12"/>
						<line hits="1" number="13"/>
						<line hits="1" number="14"/>
						<line hits="1" number="17"/>
						<line hits="1" number="18"/>
						<line hits="0" number="19"/>
						<line hits="0" number="20"/>
						<line branch="true" condition-coverage="100% (2/2)" hits="1" number="23"/>
						<line hits="1" number="24"/>
						<line hits="1" number="25"/>
						<line hits="1" number="26"/>
						<line hits="1" number="27"/>
						<line hits="1" number="28"/>
						<line hits="1" number="29"/>
						<line hits="1" number="30"/>
						<line hits="1" number="31"/>
						<line hits="1" number="33"/>
						<line hits="1" number="35"/>
						<line hits="1" number="36"/>
						<line hits="1" number="37"/>
						<line hits="1" number="38"/>
						<line hits="1" number="39"/>
						<line hits="1" number="41"/>
						<line hits="0" number="42"/>
						<line hits="1" number="44"/>
						<line branch="true" condition-coverage="0% (0/2)" hits="0" number="45"/>
						<line hits="0" number="46"/>
						<line branch="true" condition-coverage="0% (0/2)" hits="0" number="47"/>
						<line hits="0" number="48"/>
						<line branch="true" condition-coverage="0% (0/2)" hits="0" number="52"/>
						<line hits="0" number="53"/>
						<line hits="0" number="55"/>
						<line hits="1" number="57"/>
						<line hits="0" number="58"/>
						<line hits="1" number="60"/>
						<line hits="0" number="61"/>
						<line hits="1" number="63"/>
						<line hits="0" number="64"/>
						<line hits="1" number="66"/>
						<line hits="0" number="68"/>
						<line hits="1" number="70"/>
						<line branch="true" condition-coverage="0% (0/2)" hits="0" number="75"/>
						<line hits="0" number="76"/>
						<line hits="0" number="77"/>
						<line hits="0" number="78"/>
						<line hits="0" number="79"/>
						<line hits="0" number="80"/>
						<line hits="0" number="81"/>
					</lines>
				</class>
				<class branch-rate="0.002755" complexity="0" filename="/usr/local/lib/python2.7/dist-packages/django/contrib/admin/options.py" line-rate="0.009464" name="/usr/local/lib/python2.7/dist-packages/django/contrib/admin/options">
					<methods/>
					<lines>
						<line hits="0" number="1"/>
						<line hits="0" number="2"/>
						<line hits="0" number="3"/>
						<line hits="0" number="4"/>
						<line hits="0" number="5"/>
						<line hits="0" number="7"/>
						<line hits="0" number="8"/>
						<line hits="0" number="9"/>
						<line hits="0" number="10"/>
						<line hits="0" number="11"/>
						<line hits="0" number="12"/>
						<line hits="0" number="14"/>
						<line hits="0" number="15"/>
						<line hits="0" number="18"/>
						<line hits="0" number="19"/>
						<line hits="0" number="20"/>
						<line hits="0" number="21"/>
						<line hits="0" number="22"/>
						<line hits="0" number="24"/>
						<line hits="0" number="25"/>
						<line hits="0" number="26"/>
						<line hits="0" number="27"/>
						<line hits="0" number="28"/>
						<line hits="0" number="29"/>
						<line hits="0" number="30"/>
						<line hits="0" number="31"/>
						<line hits="0" number="32"/>
						<line hits="0" number="34"/>
						<line hits="0" number="35"/>
						<line hits="0" number="36"/>
						<line hits="0" number="37"/>
						<line hits="0" number="38"/>
						<line hits="0" number="39"/>
						<line hits="0" number="40"/>
						<line hits="0" number="42"/>
						<line hits="0" number="43"/>
						<line hits="0" number="44"/>
						<line hits="0" number="45"/>
						<line hits="0" number="46"/>
						<line hits="0" number="47"/>
						<line hits="0" number="48"/>
						<line hits="0" number="49"/>
						<line hits="0" number="52"/>
						<line hits="0" number="53"/>
						<line hits="0" number="56"/>
						<line hits="0" number="59"/>
						<line hits="0" number="62"/>
						<line hits="0" number="63"/>
						<line hits="0" number="66"/>
						<line hits="0" number="67"/>
						<line hits="0" number="70"/>
						<line hits="0" number="71"/>
						<line hits="0" number="76"/>
						<line hits="0" number="93"/>
						<line hits="0" number="96"/>
						<line hits="0" number="97"/>
						<line hits="0" number="102"/>
						<line hits="0" number="105"/>
						<line hits="0" number="106"/>
						<line hits="0" number="107"/>
						<line hits="0" number="108"/>
						<line hits="0" number="109"/>
						<line hits="0" number="110"/>
						<line hits="0" number="111"/>
						<line hits="0" number="112"/>
						<line hits="0" number="113"/>
						<line hits="0" number="114"/>
						<line hits="0" number="115"/>
						<line hits="0" number="116"/>
						<line hits="0" number="117"/>
						<line hits="0" number="121"/>
						<line hits="0" number="122"/>
						<line hits="0" number="124"/>
						<line hits="0" number="126"/>
						<line hits="0" number="128"/>
						<line branch="true" condition-coverage="0% (0/2)" hits="0" number="131"/>
						<line hits="0" number="132"/>
						<line hits="0" number="134"/>
						<line hits="0" number="135"/>
						<line hits="0" number="137"/>
						<line branch="true" condition-coverage="50% (1/2)" hits="1" number="139"/>
						<line hits="0" number="140"/>
						<line hits="0" number="145"/>
						<line hits="0" number="146"/>
						<line hits="0" number="147"/>
						<line hits="0" number="148"/>
						<line hits="0" number="149"/>
						<line hits="0" number="151"/>
						<line hits="1" number="153"/>
						<line hits="0" number="155"/>
						<line hits="1" number="156"/>
						<line hits="1" number="157"/>
						<line hits="1" number="158"/>
						<line hits="0" number="160"/>
						<line hits="0" number="167"/>
						<line branch="true" condition-coverage="0% (0/2)" hits="0" number="171"/>
						<line hits="0" number="172"/>
						<line branch="true" condition-coverage="0% (0/2)" hits="0" number="175"/>
						<line branch="true" condition-coverage="0% (0/2)" hits="0" number="180"/>
						<line hits="0" number="181"/>
						<line branch="true" condition-coverage="0% (0/2)" hits="0" number="184"/>
						<line hits="0" number="185"/>
						<line branch="true" condition-coverage="0% (0/2)" hits="0" number="186"/>
						<line hits="0" number="187"/>
						<line branch="true" condition-coverage="0% (0/2)" hits="0" number="193"/>
						<line hits="0" number="194"/>
						<line branch="true" condition-coverage="0% (0/2)" hits="0" number="195"/>
						<line hits="0" number="197"/>
						<line hits="0" number="201"/>
						<line branch="true" condition-coverage="0% (0/2)" hits="0" number="205"/>
						<line branch="true" condition-coverage="0% (0/2)" hits="0" number="206"/>
						<line hits="0" number="207"/>
						<line hits="0" number="208"/>
						<line hits="0" number="211"/>
						<line hits="0" number="213"/>
						<line branch="true" condition-coverage="0% (0/2)" hits="0" number="218"/>
						<line branch="true" condition-coverage="0% (0/2)" hits="0" number="220"/>
						<line hits="0" number="221"/>
						<line branch="true" condition-coverage="0% (0/2)" hits="0" number="224"/>
						<line hits="0" number="225"/>
						<line hits="0" number="229"/>
						<line hits="0" number="231"/>
						<line hits="0" number="237"/>
						<line branch="true" condition-coverage="0% (0/2)" hits="0" number="238"/>
						<line hits="0" number="239"/>
						<line branch="true" condition-coverage="0% (0/2)" hits="0" number="240"/>
						<line hits="0" number="241"/>
						<line hits="0" number="242"/>
						<line hits="0" number="244"/>
						<line hits="0" number="248"/>
						<line branch="true" condition-coverage="0% (0/2)" hits="0" number="249"/>
						<line hits="0" number="250"/>
						<line branch="true" condition-coverage="0% (0/2)" hits="0" number="252"/>
						<line hits="0" number="253"/>
						<line hits="0" number="256"/>
						<line branch="true" condition-coverage="0% (0/2)" hits="0" number="258"/>
						<line hits="0" number="259"/>
						<line branch="true" condition-coverage="0% (0/2)" hits="0" number="260"/>
						<line hits="0" number="261"/>
						<line hits="0" number="263"/>
						<line hits="0" number="265"/>
						<line branch="true" condition-coverage="0% (0/2)" hits="0" number="271"/>
						<line hits="0" number="272"/>
						<line hits="0" number="273"/>
						<line branch="true" condition-coverage="0% (0/2)" hits="0" number="275"/>
						<line hits="0" number="276"/>
						<line hits="0" number="278"/>
						<line branch="true" condition-coverage="0% (0/2)" hits="0" number="279"/>
						<line hits="0" number="280"/>
						<line branch="true" condition-coverage="0% (0/2)" hits="0" number="282"/>
						<line hits="0" number="283"/>
						<line branch="true" condition-coverage="0% (0/2)" hits="0" number="284"/>
						<line hits="0" number="285"/>
						<line hits="0" number="287"/>
						<line hits="0" number="289"/>
						<line branch="true" condition-coverage="0% (0/2)" hits="0" number="290"/>
						<line hits="0" number="291"/>
						<line branch="true" condition-coverage="0% (0/2)" hits="0" number="293"/>
						<line hits="0" number="294"/>
						<line branch="true" condition-coverage="0% (0/2)" hits="0" number="295"/>
						<line hits="0" number="297"/>
						<line hits="0" number="302"/>
						<line hits="0" number="304"/>
						<line branch="true" condition-coverage="0% (0/2)" hits="0" number="310"/>
						<line hits="0" number="311"/>
						<line branch="true" condition-coverage="0% (0/2)" hits="0" number="312"/>
						<line hits="0" number="313"/>
						<line hits="0" number="314"/>
						<line hits="0" number="316"/>
						<line hits="0" number="320"/>
						<line hits="0" number="322"/>
						<line hits="0" number="330"/>
						<line hits="0" number="331"/>
						<line hits="0" number="332"/>
						<line branch="true" condition-coverage="0% (0/2)" hits="0" number="333"/>
						<line hits="0" number="334"/>
						<line branch="true" condition-coverage="0% (0/2)" hits="0" number="339"/>
						<line hits="0" number="340"/>
						<line branch="true" condition-coverage="0% (0/2)" hits="0" number="342"/>
						<line hits="0" number="343"/>
						<line hits="0" number="344"/>
						<line hits="0" number="346"/>
						<line hits="0" number="350"/>
						<line hits="0" number="352"/>
						<line hits="0" number="356"/>
						<line hits="0" number="358"/>
						<line hits="0" number="362"/>
						<line hits="0" number="364"/>
						<line hits="0" number="369"/>
						<line hits="0" number="371"/>
						<line branch="true" condition-coverage="0% (0/2)" hits="0" number="372"/>
						<line hits="0" number="373"/>
						<line hits="0" number="374"/>
						<line hits="0" number="376"/>
						<line hits="0" number="377"/>
						<line hits="0" number="379"/>
						<line branch="true" condition-coverage="0% (0/2)" hits="0" number="383"/>
						<line branch="true" condition-coverage="0% (0/2)" hits="0" number="385"/>
						<line hits="0" number="386"/>
						<line branch="true" condition-coverage="0% (0/2)" hits="0" number="387"/>
						<line branch="true" condition-coverage="0% (0/2)" hits="0" number="388"/>
						<line hits="0" number="389"/>
						<line hits="0" number="391"/>
						<line branch="true" condition-coverage="0% (0/2)" hits="0" number="395"/>
						<line hits="0" number="396"/>
						<line hits="0" number="402"/>
						<line branch="true" condition-coverage="0% (0/2)" hits="0" number="403"/>
						<line hits="0" number="404"/>
						<line hits="0" number="405"/>
						<line hits="0" number="406"/>
						<line hits="0" number="409"/>
						<line branch="true" condition-coverage="0% (0/2)" hits="0" number="410"/>
						<line branch="true" condition-coverage="0% (0/2)" hits="0" number="411"/>
						<line hits="0" number="414"/>
						<line hits="0" number="415"/>
						<line hits="0" number="416"/>
						<line branch="true" condition-coverage="0% (0/2)" hits="0" number="417"/>
						<line hits="0" number="418"/>
						<line hits="0" number="419"/>
						<line hits="0" number="421"/>
						<line branch="true" condition-coverage="0% (0/2)" hits="0" number="422"/>
						<line hits="0" number="423"/>
						<line branch="true" condition-coverage="0% (0/2)" hits="0" number="425"/>
						<line hits="0" number="426"/>
						<line hits="0" number="427"/>
						<line hits="0" number="428"/>
						<line branch="true" condition-coverage="0% (0/2)" hits="0" number="429"/>
						<line branch="true" condition-coverage="0% (0/2)" hits="0" number="430"/>
						<line hits="0" number="431"/>
						<line branch="true" condition-coverage="0% (0/2)" hits="0" number="432"/>
						<line hits="0" number="433"/>
						<line hits="0" number="435"/>
						<line hits="0" number="436"/>
						<line hits="0" number="438"/>
						<line hits="0" number="439"/>
						<line hits="0" number="441"/>
						<line hits="0" number="442"/>
						<line hits="0" number="443"/>
						<line hits="0" number="444"/>
						<line hits="0" number="448"/>
						<line branch="true" condition-coverage="0% (0/2)" hits="0" number="449"/>
						<line hits="0" number="451"/>
						<line branch="true" condition-coverage="0% (0/4)" hits="0" number="452"/>
						<line hits="0" number="454"/>
						<line hits="0" number="456"/>
						<line hits="0" number="458"/>
						<line hits="0" number="463"/>
						<line hits="0" number="464"/>
						<line hits="0" number="465"/>
						<line hits="0" number="467"/>
						<line hits="0" number="478"/>
						<line hits="0" number="479"/>
						<line hits="0" number="480"/>
						<line hits="0" number="482"/>
						<line hits="0" number="493"/>
						<line hits="0" number="494"/>
						<line hits="0" number="495"/>
						<line branch="true" condition-coverage="0% (0/2)" hits="0" number="498"/>
						<line hits="0" number="499"/>
						<line hits="0" number="502"/>
						<line hits="0" number="503"/>
						<line hits="0" number="504"/>
						<line hits="0" number="505"/>
						<line hits="0" number="506"/>
						<line hits="0" number="507"/>
						<line hits="0" number="508"/>
						<line hits="0" number="509"/>
						<line hits="0" number="510"/>
						<line hits="0" number="511"/>
						<line hits="0" number="512"/>
						<line hits="0" number="513"/>
						<line hits="0" number="514"/>
						<line hits="0" number="515"/>
						<line hits="0" number="518"/>
						<line hits="0" number="519"/>
						<line hits="0" number="520"/>
						<line hits="0" number="521"/>
						<line hits="0" number="522"/>
						<line hits="0" number="523"/>
						<line hits="0" number="526"/>
						<line hits="0" number="527"/>
						<line hits="0" number="528"/>
						<line hits="0" number="529"/>
						<line hits="0" number="530"/>
						<line hits="0" number="534"/>
						<line hits="0" number="536"/>
						<line hits="0" number="538"/>
						<line hits="1" number="539"/>
						<line hits="1" number="540"/>
						<line hits="1" number="541"/>
						<line hits="1" number="542"/>
						<line hits="0" number="544"/>
						<line hits="0" number="545"/>
						<line hits="0" number="547"/>
						<line hits="0" number="548"/>
						<line branch="true" condition-coverage="0% (0/2)" hits="0" number="549"/>
						<line hits="0" number="550"/>
						<line branch="true" condition-coverage="0% (0/2)" hits="0" number="551"/>
						<line branch="true" condition-coverage="0% (0/6)" hits="0" number="552"/>
						<line hits="0" number="555"/>
						<line branch="true" condition-coverage="0% (0/2)" hits="0" number="556"/>
						<line hits="0" number="557"/>
						<line hits="0" number="558"/>
						<line hits="0" number="560"/>
						<line hits="0" number="562"/>
						<line hits="0" number="563"/>
						<line hits="0" number="565"/>
						<line hits="0" number="566"/>
						<line hits="0" number="567"/>
						<line hits="0" number="568"/>
						<line hits="0" number="570"/>
						<line hits="0" number="572"/>
						<line hits="0" number="579"/>
						<line hits="0" number="581"/>
						<line hits="0" number="582"/>
						<line hits="0" number="583"/>
						<line hits="0" number="585"/>
						<line hits="0" number="587"/>
						<line hits="0" number="588"/>
						<line branch="true" condition-coverage="0% (0/2)" hits="0" number="594"/>
						<line hits="0" number="595"/>
						<line branch="true" condition-coverage="0% (0/2)" hits="0" number="596"/>
						<line hits="0" number="597"/>
						<line hits="0" number="598"/>
						<line hits="0" number="600"/>
						<line hits="0" number="606"/>
						<line hits="0" number="612"/>
						<line branch="true" condition-coverage="0% (0/2)" hits="0" number="613"/>
						<line hits="0" number="614"/>
						<line hits="0" number="615"/>
						<line hits="0" number="616"/>
						<line hits="0" number="618"/>
						<line branch="true" condition-coverage="0% (0/2)" hits="0" number="623"/>
						<line hits="0" number="624"/>
						<line hits="0" number="626"/>
						<line branch="true" condition-coverage="0% (0/2)" hits="0" number="627"/>
						<line hits="0" number="628"/>
						<line hits="0" number="630"/>
						<line hits="0" number="631"/>
						<line branch="true" condition-coverage="0% (0/2)" hits="0" number="632"/>
						<line hits="0" number="635"/>
						<line hits="0" number="638"/>
						<line hits="0" number="639"/>
						<line hits="0" number="645"/>
						<line branch="true" condition-coverage="0% (0/2)" hits="0" number="647"/>
						<line hits="0" number="648"/>
						<line hits="0" number="650"/>
						<line hits="0" number="651"/>
						<line hits="0" number="652"/>
						<line hits="0" number="653"/>
						<line hits="0" number="656"/>
						<line hits="0" number="660"/>
						<line hits="0" number="661"/>
						<line hits="0" number="663"/>
						<line hits="0" number="669"/>
						<line hits="0" number="670"/>
						<line hits="0" number="671"/>
						<line hits="0" number="672"/>
						<line hits="0" number="673"/>
						<line hits="0" number="674"/>
						<line hits="0" number="675"/>
						<line hits="0" number="677"/>
						<line hits="0" number="681"/>
						<line hits="0" number="684"/>
						<line branch="true" condition-coverage="0% (0/3)" hits="0" number="685"/>
						<line hits="0" number="687"/>
						<line hits="0" number="689"/>
						<line hits="0" number="691"/>
						<line hits="0" number="696"/>
						<line hits="0" number="699"/>
						<line hits="0" number="700"/>
						<line hits="0" number="704"/>
						<line branch="true" condition-coverage="0% (0/2)" hits="0" number="709"/>
						<line hits="0" number="710"/>
						<line hits="0" number="712"/>
						<line hits="0" number="713"/>
						<line hits="0" number="718"/>
						<line hits="0" number="720"/>
						<line hits="0" number="728"/>
						<line hits="0" number="729"/>
						<line hits="0" number="730"/>
						<line branch="true" condition-coverage="0% (0/2)" hits="0" number="732"/>
						<line hits="0" number="733"/>
						<line branch="true" condition-coverage="0% (0/2)" hits="0" number="738"/>
						<line hits="0" number="739"/>
						<line branch="true" condition-coverage="0% (0/2)" hits="0" number="740"/>
						<line hits="0" number="741"/>
						<line branch="true" condition-coverage="0% (0/2)" hits="0" number="743"/>
						<line hits="0" number="744"/>
						<line hits="0" number="746"/>
						<line hits="0" number="747"/>
						<line hits="0" number="749"/>
						<line hits="0" number="755"/>
						<line hits="0" number="756"/>
						<line hits="0" number="764"/>
						<line hits="0" number="770"/>
						<line hits="0" number="771"/>
						<line hits="0" number="780"/>
						<line hits="0" number="787"/>
						<line hits="0" number="788"/>
						<line hits="0" number="796"/>
						<line hits="0" number="800"/>
						<line hits="0" number="801"/>
						<line hits="0" number="802"/>
						<line hits="0" number="804"/>
						<line hits="0" number="811"/>
						<line branch="true" condition-coverage="0% (0/2)" hits="0" number="812"/>
						<line hits="0" number="813"/>
						<line hits="0" number="815"/>
						<line branch="true" condition-coverage="0% (0/2)" hits="0" number="818"/>
						<line hits="0" number="819"/>
						<line hits="0" number="820"/>
						<line branch="true" condition-coverage="0% (0/2)" hits="0" number="824"/>
						<line hits="0" number="825"/>
						<line branch="true" condition-coverage="0% (0/2)" hits="0" number="827"/>
						<line hits="0" number="828"/>
						<line branch="true" condition-coverage="0% (0/2)" hits="0" number="829"/>
						<line hits="0" number="832"/>
						<line branch="true" condition-coverage="0% (0/2)" hits="0" number="835"/>
						<line hits="0" number="840"/>
						<line hits="0" number="842"/>
						<line hits="0" number="847"/>
						<line branch="true" condition-coverage="0% (0/2)" hits="0" number="848"/>
						<line hits="0" number="849"/>
						<line hits="0" number="850"/>
						<line hits="0" number="851"/>
						<line hits="0" number="853"/>
						<line branch="true" condition-coverage="0% (0/2)" hits="0" number="860"/>
						<line hits="0" number="861"/>
						<line hits="0" number="862"/>
						<line branch="true" condition-coverage="0% (0/2)" hits="0" number="867"/>
						<line hits="0" number="868"/>
						<line hits="0" number="872"/>
						<line hits="0" number="873"/>
						<line hits="0" number="874"/>
						<line hits="0" number="875"/>
						<line branch="true" condition-coverage="0% (0/2)" hits="0" number="877"/>
						<line hits="0" number="878"/>
						<line hits="0" number="880"/>
						<line hits="0" number="881"/>
						<line hits="0" number="883"/>
						<line hits="0" number="888"/>
						<line hits="0" number="890"/>
						<line branch="true" condition-coverage="0% (0/2)" hits="0" number="896"/>
						<line hits="0" number="897"/>
						<line hits="0" number="900"/>
						<line hits="0" number="902"/>
						<line hits="0" number="907"/>
						<line hits="0" number="909"/>
						<line hits="0" number="914"/>
						<line hits="0" number="916"/>
						<line hits="0" number="922"/>
						<line branch="true" condition-coverage="0% (0/2)" hits="0" number="923"/>
						<line hits="0" number="924"/>
						<line branch="true" condition-coverage="0% (0/2)" hits="0" number="925"/>
						<line hits="0" number="926"/>
						<line branch="true" condition-coverage="0% (0/2)" hits="0" number="927"/>
						<line hits="0" number="928"/>
						<line hits="0" number="930"/>
						<line hits="0" number="932"/>
						<line hits="0" number="933"/>
						<line branch="true" condition-coverage="0% (0/2)" hits="0" number="934"/>
						<line hits="0" number="935"/>
						<line branch="true" condition-coverage="0% (0/2)" hits="0" number="937"/>
						<line hits="0" number="938"/>
						<line hits="0" number="940"/>
						<line branch="true" condition-coverage="0% (0/2)" hits="0" number="941"/>
						<line branch="true" condition-coverage="0% (0/2)" hits="0" number="942"/>
						<line branch="true" condition-coverage="0% (0/2)" hits="0" number="943"/>
						<line hits="0" number="944"/>
						<line hits="0" number="945"/>
						<line hits="0" number="947"/>
						<line hits="0" number="949"/>
						<line hits="0" number="953"/>
						<line branch="true" condition-coverage="0% (0/2)" hits="0" number="954"/>
						<line hits="0" number="955"/>
						<line hits="0" number="956"/>
						<line hits="0" number="957"/>
						<line branch="true" condition-coverage="0% (0/2)" hits="0" number="958"/>
						<line hits="0" number="959"/>
						<line hits="0" number="961"/>
						<line branch="true" condition-coverage="0% (0/2)" hits="0" number="963"/>
						<line hits="0" number="964"/>
						<line hits="0" number="965"/>
						<line hits="0" number="967"/>
						<line hits="0" number="971"/>
						<line branch="true" condition-coverage="0% (0/2)" hits="0" number="972"/>
						<line hits="0" number="973"/>
						<line branch="true" condition-coverage="0% (0/2)" hits="0" number="975"/>
						<line branch="true" condition-coverage="0% (0/2)" hits="0" number="976"/>
						<line branch="true" condition-coverage="0% (0/2)" hits="0" number="977"/>
						<line hits="0" number="978"/>
						<line branch="true" condition-coverage="0% (0/2)" hits="0" number="981"/>
						<line hits="0" number="982"/>
						<line branch="true" condition-coverage="0% (0/2)" hits="0" number="986"/>
						<line hits="0" number="987"/>
						<line hits="0" number="990"/>
						<line hits="0" number="991"/>
						<line hits="0" number="993"/>
						<line branch="true" condition-coverage="0% (0/2)" hits="0" number="1005"/>
						<line hits="0" number="1007"/>
						<line hits="0" number="1008"/>
						<line hits="0" number="1009"/>
						<line hits="0" number="1010"/>
						<line branch="true" condition-coverage="0% (0/2)" hits="0" number="1011"/>
						<line hits="0" number="1012"/>
						<line hits="0" number="1015"/>
						<line hits="0" number="1018"/>
						<line hits="0" number="1023"/>
						<line hits="0" number="1025"/>
						<line hits="0" number="1029"/>
						<line hits="0" number="1031"/>
						<line hits="0" number="1035"/>
						<line hits="0" number="1037"/>
						<line hits="0" number="1041"/>
						<line hits="0" number="1043"/>
						<line hits="0" number="1051"/>
						<line branch="true" condition-coverage="0% (0/2)" hits="0" number="1052"/>
						<line hits="0" number="1053"/>
						<line hits="0" number="1055"/>
						<line hits="0" number="1056"/>
						<line hits="0" number="1057"/>
						<line hits="0" number="1058"/>
						<line hits="0" number="1059"/>
						<line hits="0" number="1060"/>
						<line hits="0" number="1061"/>
						<line branch="true" condition-coverage="0% (0/2)" hits="0" number="1079"/>
						<line hits="0" number="1080"/>
						<line hits="0" number="1082"/>
						<line hits="0" number="1084"/>
						<line hits="0" number="1090"/>
						<line hits="0" number="1094"/>
						<line hits="0" number="1095"/>
						<line hits="0" number="1096"/>
						<line hits="0" number="1097"/>
						<line branch="true" condition-coverage="0% (0/2)" hits="0" number="1101"/>
						<line hits="0" number="1102"/>
						<line branch="true" condition-coverage="0% (0/2)" hits="0" number="1103"/>
						<line hits="0" number="1104"/>
						<line hits="0" number="1106"/>
						<line hits="0" number="1107"/>
						<line hits="0" number="1108"/>
						<line branch="true" condition-coverage="0% (0/2)" hits="0" number="1114"/>
						<line hits="0" number="1115"/>
						<line hits="0" number="1116"/>
						<line branch="true" condition-coverage="0% (0/2)" hits="0" number="1117"/>
						<line hits="0" number="1118"/>
						<line hits="0" number="1122"/>
						<line hits="0" number="1123"/>
						<line branch="true" condition-coverage="0% (0/2)" hits="0" number="1125"/>
						<line hits="0" number="1126"/>
						<line hits="0" number="1127"/>
						<line hits="0" number="1128"/>
						<line hits="0" number="1129"/>
						<line hits="0" number="1130"/>
						<line hits="0" number="1133"/>
						<line hits="0" number="1134"/>
						<line hits="0" number="1135"/>
						<line hits="0" number="1137"/>
						<line hits="0" number="1142"/>
						<line hits="0" number="1143"/>
						<line hits="0" number="1144"/>
						<line hits="0" number="1146"/>
						<line branch="true" condition-coverage="0% (0/2)" hits="0" number="1147"/>
						<line hits="0" number="1148"/>
						<line hits="0" number="1149"/>
						<line hits="0" number="1150"/>
						<line hits="0" number="1151"/>
						<line hits="0" number="1152"/>
						<line branch="true" condition-coverage="0% (0/2)" hits="0" number="1154"/>
						<line hits="0" number="1155"/>
						<line hits="0" number="1156"/>
						<line hits="0" number="1157"/>
						<line hits="0" number="1161"/>
						<line hits="0" number="1162"/>
						<line branch="true" condition-coverage="0% (0/2)" hits="0" number="1164"/>
						<line hits="0" number="1165"/>
						<line hits="0" number="1166"/>
						<line hits="0" number="1167"/>
						<line hits="0" number="1170"/>
						<line hits="0" number="1171"/>
						<line hits="0" number="1174"/>
						<line hits="0" number="1175"/>
						<line hits="0" number="1176"/>
						<line hits="0" number="1178"/>
						<line hits="0" number="1183"/>
						<line branch="true" condition-coverage="0% (0/2)" hits="0" number="1184"/>
						<line hits="0" number="1185"/>
						<line hits="0" number="1188"/>
						<line hits="0" number="1189"/>
						<line hits="0" number="1191"/>
						<line hits="0" number="1193"/>
						<line hits="0" number="1195"/>
						<line hits="0" number="1200"/>
						<line branch="true" condition-coverage="0% (0/2)" hits="0" number="1202"/>
						<line hits="0" number="1203"/>
						<line hits="0" number="1206"/>
						<line hits="0" number="1207"/>
						<line hits="0" number="1209"/>
						<line hits="0" number="1211"/>
						<line hits="0" number="1213"/>
						<line hits="0" number="1223"/>
						<line hits="0" number="1224"/>
						<line hits="0" number="1225"/>
						<line hits="0" number="1226"/>
						<line hits="0" number="1229"/>
						<line hits="0" number="1230"/>
						<line hits="0" number="1231"/>
						<line hits="0" number="1234"/>
						<line hits="0" number="1235"/>
						<line hits="0" number="1236"/>
						<line hits="0" number="1240"/>
						<line hits="0" number="1242"/>
						<line hits="0" number="1243"/>
						<line branch="true" condition-coverage="0% (0/2)" hits="0" number="1246"/>
						<line hits="0" number="1247"/>
						<line hits="0" number="1248"/>
						<line hits="0" number="1249"/>
						<line hits="0" number="1254"/>
						<line branch="true" condition-coverage="0% (0/2)" hits="0" number="1255"/>
						<line hits="0" number="1257"/>
						<line hits="0" number="1259"/>
						<line hits="0" number="1260"/>
						<line branch="true" condition-coverage="0% (0/2)" hits="0" number="1262"/>
						<line hits="0" number="1264"/>
						<line hits="0" number="1266"/>
						<line branch="true" condition-coverage="0% (0/2)" hits="0" number="1271"/>
						<line hits="0" number="1272"/>
						<line hits="0" number="1274"/>
						<line hits="0" number="1276"/>
						<line hits="0" number="1277"/>
						<line hits="0" number="1278"/>
						<line hits="0" number="1280"/>
						<line hits="0" number="1285"/>
						<line hits="0" number="1287"/>
						<line branch="true" condition-coverage="0% (0/2)" hits="0" number="1293"/>
						<line hits="0" number="1294"/>
						<line hits="0" number="1297"/>
						<line hits="0" number="1298"/>
						<line hits="0" number="1302"/>
						<line hits="0" number="1304"/>
						<line hits="0" number="1306"/>
						<line hits="0" number="1307"/>
						<line hits="0" number="1308"/>
						<line hits="0" number="1310"/>
						<line hits="0" number="1317"/>
						<line hits="0" number="1319"/>
						<line branch="true" condition-coverage="0% (0/2)" hits="0" number="1320"/>
						<line hits="0" number="1321"/>
						<line hits="0" number="1322"/>
						<line hits="0" number="1323"/>
						<line hits="0" number="1324"/>
						<line hits="0" number="1326"/>
						<line hits="0" number="1327"/>
						<line hits="0" number="1329"/>
						<line hits="0" number="1334"/>
						<line branch="true" condition-coverage="0% (0/2)" hits="0" number="1335"/>
						<line hits="0" number="1336"/>
						<line hits="0" number="1337"/>
						<line hits="0" number="1338"/>
						<line hits="0" number="1339"/>
						<line branch="true" condition-coverage="0% (0/2)" hits="0" number="1341"/>
						<line hits="0" number="1342"/>
						<line hits="0" number="1343"/>
						<line hits="0" number="1345"/>
						<line hits="0" number="1346"/>
						<line hits="0" number="1347"/>
						<line hits="0" number="1349"/>
						<line branch="true" condition-coverage="0% (0/2)" hits="0" number="1350"/>
						<line hits="0" number="1351"/>
						<line hits="0" number="1353"/>
						<line hits="0" number="1354"/>
						<line hits="0" number="1355"/>
						<line branch="true" condition-coverage="0% (0/2)" hits="0" number="1357"/>
						<line branch="true" condition-coverage="0% (0/2)" hits="0" number="1358"/>
						<line hits="0" number="1359"/>
						<line hits="0" number="1360"/>
						<line hits="0" number="1363"/>
						<line branch="true" condition-coverage="0% (0/2)" hits="0" number="1365"/>
						<line hits="0" number="1366"/>
						<line branch="true" condition-coverage="0% (0/2)" hits="0" number="1368"/>
						<line hits="0" number="1369"/>
						<line branch="true" condition-coverage="0% (0/2)" hits="0" number="1372"/>
						<line hits="0" number="1373"/>
						<line hits="0" number="1377"/>
						<line branch="true" condition-coverage="0% (0/2)" hits="0" number="1378"/>
						<line hits="0" number="1379"/>
						<line branch="true" condition-coverage="0% (0/2)" hits="0" number="1380"/>
						<line hits="0" number="1381"/>
						<line hits="0" number="1382"/>
						<line hits="0" number="1384"/>
						<line hits="0" number="1385"/>
						<line hits="0" number="1386"/>
						<line branch="true" condition-coverage="0% (0/2)" hits="0" number="1387"/>
						<line hits="0" number="1388"/>
						<line hits="0" number="1389"/>
						<line branch="true" condition-coverage="0% (0/2)" hits="0" number="1390"/>
						<line hits="0" number="1391"/>
						<line hits="0" number="1392"/>
						<line hits="0" number="1394"/>
						<line hits="0" number="1395"/>
						<line hits="0" number="1396"/>
						<line branch="true" condition-coverage="0% (0/2)" hits="0" number="1398"/>
						<line hits="0" number="1399"/>
						<line hits="0" number="1400"/>
						<line hits="0" number="1401"/>
						<line hits="0" number="1403"/>
						<line hits="0" number="1404"/>
						<line hits="0" number="1406"/>
						<line hits="0" number="1412"/>
						<line hits="0" number="1414"/>
						<line branch="true" condition-coverage="0% (0/2)" hits="0" number="1415"/>
						<line hits="0" number="1416"/>
						<line hits="0" number="1418"/>
						<line hits="0" number="1432"/>
						<line hits="0" number="1434"/>
						<line hits="0" number="1436"/>
						<line hits="0" number="1437"/>
						<line hits="0" number="1439"/>
						<line hits="0" number="1440"/>
						<line hits="0" number="1442"/>
						<line hits="0" number="1443"/>
						<line hits="0" number="1447"/>
						<line hits="0" number="1448"/>
						<line hits="0" number="1449"/>
						<line branch="true" condition-coverage="0% (0/2)" hits="0" number="1450"/>
						<line hits="0" number="1451"/>
						<line hits="0" number="1453"/>
						<line hits="0" number="1454"/>
						<line hits="0" number="1455"/>
						<line hits="0" number="1456"/>
						<line hits="0" number="1459"/>
						<line branch="true" condition-coverage="0% (0/2)" hits="0" number="1460"/>
						<line hits="0" number="1462"/>
						<line hits="0" number="1464"/>
						<line hits="0" number="1465"/>
						<line hits="0" number="1466"/>
						<line hits="0" number="1471"/>
						<line branch="true" condition-coverage="0% (0/2)" hits="0" number="1478"/>
						<line hits="0" number="1479"/>
						<line hits="0" number="1482"/>
						<line hits="0" number="1488"/>
						<line hits="0" number="1489"/>
						<line branch="true" condition-coverage="0% (0/3)" hits="0" number="1492"/>
						<line branch="true" condition-coverage="0% (0/2)" hits="0" number="1494"/>
						<line hits="0" number="1495"/>
						<line branch="true" condition-coverage="0% (0/2)" hits="0" number="1496"/>
						<line hits="0" number="1497"/>
						<line hits="0" number="1499"/>
						<line hits="0" number="1501"/>
						<line hits="0" number="1503"/>
						<line hits="0" number="1504"/>
						<line branch="true" condition-coverage="0% (0/4)" hits="0" number="1507"/>
						<line branch="true" condition-coverage="0% (0/2)" hits="0" number="1510"/>
						<line hits="0" number="1511"/>
						<line branch="true" condition-coverage="0% (0/2)" hits="0" number="1512"/>
						<line hits="0" number="1513"/>
						<line hits="0" number="1515"/>
						<line hits="0" number="1520"/>
						<line branch="true" condition-coverage="0% (0/3)" hits="0" number="1523"/>
						<line hits="0" number="1525"/>
						<line hits="0" number="1526"/>
						<line branch="true" condition-coverage="0% (0/2)" hits="0" number="1527"/>
						<line hits="0" number="1528"/>
						<line branch="true" condition-coverage="0% (0/2)" hits="0" number="1529"/>
						<line branch="true" condition-coverage="0% (0/2)" hits="0" number="1530"/>
						<line hits="0" number="1531"/>
						<line hits="0" number="1532"/>
						<line hits="0" number="1533"/>
						<line hits="0" number="1534"/>
						<line hits="0" number="1535"/>
						<line hits="0" number="1536"/>
						<line branch="true" condition-coverage="0% (0/2)" hits="0" number="1538"/>
						<line branch="true" condition-coverage="0% (0/2)" hits="0" number="1539"/>
						<line hits="0" number="1540"/>
						<line hits="0" number="1542"/>
						<line hits="0" number="1543"/>
						<line hits="0" number="1548"/>
						<line hits="0" number="1550"/>
						<line branch="true" condition-coverage="0% (0/2)" hits="0" number="1553"/>
						<line hits="0" number="1554"/>
						<line hits="0" number="1555"/>
						<line branch="true" condition-coverage="0% (0/2)" hits="0" number="1558"/>
						<line hits="0" number="1559"/>
						<line hits="0" number="1561"/>
						<line branch="true" condition-coverage="0% (0/2)" hits="0" number="1564"/>
						<line hits="0" number="1565"/>
						<line hits="0" number="1566"/>
						<line hits="0" number="1568"/>
						<line hits="0" number="1570"/>
						<line hits="0" number="1573"/>
						<line hits="0" number="1591"/>
						<line hits="0" number="1593"/>
						<line hits="0" number="1599"/>
						<line hits="0" number="1600"/>
						<line hits="0" number="1601"/>
						<line hits="0" number="1603"/>
						<line hits="0" number="1604"/>
						<line hits="0" number="1606"/>
						<line branch="true" condition-coverage="0% (0/2)" hits="0" number="1608"/>
						<line hits="0" number="1609"/>
						<line branch="true" condition-coverage="0% (0/2)" hits="0" number="1611"/>
						<line hits="0" number="1612"/>
						<line hits="0" number="1617"/>
						<line hits="0" number="1621"/>
						<line branch="true" condition-coverage="0% (0/2)" hits="0" number="1624"/>
						<line branch="true" condition-coverage="0% (0/2)" hits="0" number="1625"/>
						<line hits="0" number="1626"/>
						<line hits="0" number="1627"/>
						<line hits="0" number="1628"/>
						<line hits="0" number="1629"/>
						<line hits="0" number="1631"/>
						<line hits="0" number="1633"/>
						<line branch="true" condition-coverage="0% (0/2)" hits="0" number="1635"/>
						<line hits="0" number="1636"/>
						<line hits="0" number="1638"/>
						<line hits="0" number="1640"/>
						<line hits="0" number="1652"/>
						<line hits="0" number="1654"/>
						<line hits="0" number="1656"/>
						<line hits="0" number="1658"/>
						<line hits="0" number="1660"/>
						<line hits="0" number="1661"/>
						<line branch="true" condition-coverage="0% (0/2)" hits="0" number="1663"/>
						<line hits="0" number="1664"/>
						<line hits="0" number="1667"/>
						<line hits="0" number="1668"/>
						<line hits="0" number="1669"/>
						<line hits="0" number="1674"/>
						<line hits="0" number="1682"/>
						<line hits="0" number="1683"/>
						<line hits="0" number="1689"/>
						<line hits="0" number="1691"/>
						<line hits="0" number="1692"/>
						<line hits="0" number="1693"/>
						<line hits="0" number="1694"/>
						<line branch="true" condition-coverage="0% (0/2)" hits="0" number="1695"/>
						<line hits="0" number="1696"/>
						<line branch="true" condition-coverage="0% (0/2)" hits="0" number="1697"/>
						<line hits="0" number="1698"/>
						<line hits="0" number="1699"/>
						<line branch="true" condition-coverage="0% (0/2)" hits="0" number="1700"/>
						<line hits="0" number="1701"/>
						<line hits="0" number="1702"/>
						<line branch="true" condition-coverage="0% (0/2)" hits="0" number="1707"/>
						<line hits="0" number="1708"/>
						<line hits="0" number="1713"/>
						<line hits="0" number="1714"/>
						<line hits="0" number="1715"/>
						<line hits="0" number="1718"/>
						<line hits="0" number="1726"/>
						<line hits="0" number="1727"/>
						<line hits="0" number="1728"/>
						<line hits="0" number="1729"/>
						<line hits="0" number="1730"/>
						<line hits="0" number="1731"/>
						<line hits="0" number="1732"/>
						<line hits="0" number="1733"/>
						<line hits="0" number="1734"/>
						<line hits="0" number="1735"/>
						<line hits="0" number="1737"/>
						<line hits="0" number="1739"/>
						<line hits="0" number="1740"/>
						<line hits="0" number="1741"/>
						<line hits="0" number="1742"/>
						<line hits="0" number="1743"/>
						<line branch="true" condition-coverage="0% (0/2)" hits="0" number="1744"/>
						<line hits="0" number="1745"/>
						<line branch="true" condition-coverage="0% (0/2)" hits="0" number="1746"/>
						<line hits="0" number="1747"/>
						<line hits="0" number="1749"/>
						<line hits="0" number="1751"/>
						<line hits="0" number="1752"/>
						<line branch="true" condition-coverage="0% (0/2)" hits="0" number="1753"/>
						<line hits="0" number="1754"/>
						<line branch="true" condition-coverage="0% (0/2)" hits="0" number="1755"/>
						<line hits="0" number="1756"/>
						<line hits="0" number="1757"/>
						<line hits="0" number="1759"/>
						<line hits="0" number="1761"/>
						<line hits="0" number="1763"/>
						<line hits="0" number="1765"/>
						<line hits="0" number="1767"/>
						<line hits="0" number="1769"/>
						<line hits="0" number="1771"/>
						<line branch="true" condition-coverage="0% (0/2)" hits="0" number="1773"/>
						<line hits="0" number="1774"/>
						<line hits="0" number="1776"/>
						<line branch="true" condition-coverage="0% (0/2)" hits="0" number="1777"/>
						<line hits="0" number="1778"/>
						<line hits="0" number="1780"/>
						<line hits="0" number="1781"/>
						<line branch="true" condition-coverage="0% (0/2)" hits="0" number="1782"/>
						<line hits="0" number="1785"/>
						<line hits="0" number="1788"/>
						<line hits="0" number="1789"/>
						<line hits="0" number="1790"/>
						<line hits="0" number="1803"/>
						<line hits="0" number="1804"/>
						<line hits="0" number="1806"/>
						<line hits="0" number="1807"/>
						<line branch="true" condition-coverage="0% (0/2)" hits="0" number="1813"/>
						<line hits="0" number="1814"/>
						<line hits="0" number="1815"/>
						<line hits="0" number="1816"/>
						<line branch="true" condition-coverage="0% (0/2)" hits="0" number="1817"/>
						<line hits="0" number="1818"/>
						<line branch="true" condition-coverage="0% (0/2)" hits="0" number="1819"/>
						<line hits="0" number="1820"/>
						<line hits="0" number="1826"/>
						<line hits="0" number="1829"/>
						<line hits="0" number="1832"/>
						<line hits="0" number="1834"/>
						<line hits="0" number="1835"/>
						<line hits="0" number="1836"/>
						<line hits="0" number="1837"/>
						<line hits="0" number="1839"/>
						<line branch="true" condition-coverage="0% (0/2)" hits="0" number="1841"/>
						<line hits="0" number="1842"/>
						<line hits="0" number="1844"/>
						<line hits="0" number="1846"/>
						<line branch="true" condition-coverage="0% (0/2)" hits="0" number="1847"/>
						<line hits="0" number="1848"/>
						<line hits="0" number="1849"/>
						<line hits="0" number="1850"/>
						<line hits="0" number="1852"/>
						<line hits="0" number="1853"/>
						<line branch="true" condition-coverage="0% (0/2)" hits="0" number="1854"/>
						<line hits="0" number="1855"/>
						<line hits="0" number="1856"/>
						<line hits="0" number="1858"/>
						<line branch="true" condition-coverage="0% (0/2)" hits="0" number="1859"/>
						<line hits="0" number="1864"/>
						<line hits="0" number="1865"/>
						<line hits="0" number="1867"/>
						<line hits="0" number="1868"/>
						<line branch="true" condition-coverage="0% (0/2)" hits="0" number="1869"/>
						<line branch="true" condition-coverage="0% (0/2)" hits="0" number="1872"/>
						<line branch="true" condition-coverage="0% (0/2)" hits="0" number="1873"/>
						<line hits="0" number="1874"/>
						<line hits="0" number="1875"/>
						<line hits="0" number="1876"/>
						<line hits="0" number="1877"/>
						<line hits="0" number="1879"/>
						<line branch="true" condition-coverage="0% (0/2)" hits="0" number="1880"/>
						<line hits="0" number="1885"/>
						<line hits="0" number="1886"/>
						<line hits="0" number="1889"/>
						<line hits="0" number="1890"/>
						<line hits="0" number="1893"/>
						<line hits="0" number="1894"/>
					</lines>
				</class>
				<class branch-rate="0.09677" complexity="0" filename="/usr/local/lib/python2.7/dist-packages/django/contrib/admin/sites.py" line-rate="0.05023" name="/usr/local/lib/python2.7/dist-packages/django/contrib/admin/sites">
					<methods/>
					<lines>
						<line hits="0" number="1"/>
						<line hits="0" number="2"/>
						<line hits="0" number="3"/>
						<line hits="0" number="4"/>
						<line hits="0" number="5"/>
						<line hits="0" number="6"/>
						<line hits="0" number="7"/>
						<line hits="0" number="8"/>
						<line hits="0" number="9"/>
						<line hits="0" number="10"/>
						<line hits="0" number="11"/>
						<line hits="0" number="12"/>
						<line hits="0" number="13"/>
						<line hits="0" number="14"/>
						<line hits="0" number="15"/>
						<line hits="0" number="18"/>
						<line hits="0" number="19"/>
						<line hits="0" number="22"/>
						<line hits="0" number="23"/>
						<line hits="0" number="26"/>
						<line hits="0" number="36"/>
						<line hits="0" number="39"/>
						<line hits="0" number="42"/>
						<line hits="0" number="44"/>
						<line hits="0" number="45"/>
						<line hits="0" number="46"/>
						<line hits="0" number="47"/>
						<line hits="0" number="48"/>
						<line hits="0" number="49"/>
						<line hits="0" number="50"/>
						<line hits="0" number="52"/>
						<line hits="0" number="53"/>
						<line hits="0" number="54"/>
						<line hits="0" number="55"/>
						<line hits="0" number="56"/>
						<line hits="0" number="57"/>
						<line hits="0" number="59"/>
						<line branch="true" condition-coverage="50% (1/2)" hits="1" number="73"/>
						<line hits="0" number="74"/>
						<line branch="true" condition-coverage="50% (1/2)" hits="1" number="76"/>
						<line hits="1" number="77"/>
						<line branch="true" condition-coverage="100% (2/2)" hits="1" number="78"/>
						<line branch="true" condition-coverage="50% (1/2)" hits="1" number="79"/>
						<line hits="0" number="80"/>
						<line branch="true" condition-coverage="50% (1/2)" hits="1" number="83"/>
						<line hits="0" number="84"/>
						<line branch="true" condition-coverage="50% (1/2)" hits="1" number="88"/>
						<line branch="true" condition-coverage="50% (1/2)" hits="1" number="91"/>
						<line hits="0" number="95"/>
						<line hits="0" number="96"/>
						<line branch="true" condition-coverage="50% (1/2)" hits="1" number="98"/>
						<line hits="1" number="99"/>
						<line hits="1" number="102"/>
						<line hits="0" number="104"/>
						<line branch="true" condition-coverage="0% (0/2)" hits="0" number="110"/>
						<line hits="0" number="111"/>
						<line branch="true" condition-coverage="0% (0/2)" hits="0" number="112"/>
						<line branch="true" condition-coverage="0% (0/2)" hits="0" number="113"/>
						<line hits="0" number="114"/>
						<line hits="0" number="115"/>
						<line hits="0" number="117"/>
						<line hits="0" number="121"/>
						<line hits="0" number="122"/>
						<line hits="0" number="123"/>
						<line hits="0" number="125"/>
						<line hits="0" number="129"/>
						<line hits="0" number="131"/>
						<line hits="0" number="136"/>
						<line hits="0" number="138"/>
						<line hits="0" number="143"/>
						<line hits="0" number="145"/>
						<line hits="0" number="150"/>
						<line hits="0" number="152"/>
						<line branch="true" condition-coverage="0% (0/2)" hits="0" number="159"/>
						<line hits="0" number="160"/>
						<line branch="true" condition-coverage="0% (0/2)" hits="0" number="162"/>
						<line hits="0" number="163"/>
						<line branch="true" condition-coverage="0% (0/2)" hits="0" number="165"/>
						<line hits="0" number="166"/>
						<line hits="0" number="169"/>
						<line hits="0" number="192"/>
						<line branch="true" condition-coverage="0% (0/2)" hits="0" number="193"/>
						<line branch="true" condition-coverage="0% (0/2)" hits="0" number="194"/>
						<line hits="0" number="195"/>
						<line hits="0" number="196"/>
						<line hits="0" number="199"/>
						<line hits="0" number="200"/>
						<line hits="0" number="204"/>
						<line branch="true" condition-coverage="0% (0/2)" hits="0" number="205"/>
						<line hits="0" number="206"/>
						<line branch="true" condition-coverage="0% (0/2)" hits="0" number="209"/>
						<line hits="0" number="210"/>
						<line hits="0" number="211"/>
						<line hits="0" number="213"/>
						<line hits="0" number="214"/>
						<line hits="0" number="218"/>
						<line branch="true" condition-coverage="0% (0/2)" hits="0" number="220"/>
						<line hits="0" number="221"/>
						<line hits="0" number="223"/>
						<line hits="0" number="224"/>
						<line hits="0" number="225"/>
						<line hits="0" number="226"/>
						<line hits="0" number="229"/>
						<line hits="0" number="241"/>
						<line branch="true" condition-coverage="0% (0/2)" hits="0" number="242"/>
						<line hits="0" number="243"/>
						<line branch="true" condition-coverage="0% (0/2)" hits="0" number="246"/>
						<line hits="0" number="247"/>
						<line branch="true" condition-coverage="0% (0/2)" hits="0" number="251"/>
						<line hits="0" number="252"/>
						<line hits="0" number="253"/>
						<line hits="0" number="256"/>
						<line hits="0" number="258"/>
						<line hits="0" number="260"/>
						<line hits="0" number="262"/>
						<line hits="0" number="267"/>
						<line hits="0" number="272"/>
						<line hits="0" number="276"/>
						<line hits="0" number="277"/>
						<line hits="0" number="278"/>
						<line branch="true" condition-coverage="0% (0/2)" hits="0" number="283"/>
						<line hits="0" number="284"/>
						<line hits="0" number="285"/>
						<line hits="0" number="287"/>
						<line hits="0" number="291"/>
						<line hits="0" number="292"/>
						<line branch="true" condition-coverage="0% (0/2)" hits="0" number="296"/>
						<line hits="0" number="297"/>
						<line hits="0" number="298"/>
						<line hits="0" number="300"/>
						<line branch="true" condition-coverage="0% (0/2)" hits="0" number="307"/>
						<line hits="0" number="308"/>
						<line hits="0" number="310"/>
						<line hits="0" number="311"/>
						<line hits="0" number="313"/>
						<line hits="0" number="314"/>
						<line hits="0" number="320"/>
						<line hits="0" number="321"/>
						<line branch="true" condition-coverage="0% (0/2)" hits="0" number="325"/>
						<line hits="0" number="326"/>
						<line hits="0" number="327"/>
						<line hits="0" number="329"/>
						<line hits="0" number="330"/>
						<line branch="true" condition-coverage="0% (0/2)" hits="0" number="334"/>
						<line hits="0" number="336"/>
						<line hits="0" number="337"/>
						<line hits="0" number="339"/>
						<line hits="0" number="343"/>
						<line hits="0" number="344"/>
						<line branch="true" condition-coverage="0% (0/3)" hits="0" number="348"/>
						<line hits="0" number="350"/>
						<line hits="0" number="351"/>
						<line hits="0" number="353"/>
						<line hits="0" number="359"/>
						<line hits="0" number="361"/>
						<line hits="0" number="362"/>
						<line hits="0" number="367"/>
						<line hits="0" number="368"/>
						<line branch="true" condition-coverage="0% (0/2)" hits="0" number="369"/>
						<line hits="0" number="370"/>
						<line hits="0" number="371"/>
						<line branch="true" condition-coverage="0% (0/2)" hits="0" number="373"/>
						<line hits="0" number="374"/>
						<line branch="true" condition-coverage="0% (0/2)" hits="0" number="378"/>
						<line hits="0" number="379"/>
						<line hits="0" number="380"/>
						<line branch="true" condition-coverage="0% (0/2)" hits="0" number="385"/>
						<line hits="0" number="386"/>
						<line hits="0" number="387"/>
						<line hits="0" number="388"/>
						<line hits="0" number="389"/>
						<line branch="true" condition-coverage="0% (0/2)" hits="0" number="390"/>
						<line hits="0" number="391"/>
						<line hits="0" number="392"/>
						<line hits="0" number="393"/>
						<line hits="0" number="394"/>
						<line branch="true" condition-coverage="0% (0/2)" hits="0" number="395"/>
						<line hits="0" number="396"/>
						<line hits="0" number="398"/>
						<line hits="0" number="407"/>
						<line branch="true" condition-coverage="0% (0/2)" hits="0" number="408"/>
						<line branch="true" condition-coverage="0% (0/2)" hits="0" number="411"/>
						<line branch="true" condition-coverage="0% (0/2)" hits="0" number="412"/>
						<line hits="0" number="414"/>
						<line hits="0" number="419"/>
						<line hits="0" number="420"/>
						<line hits="0" number="424"/>
						<line hits="0" number="425"/>
						<line hits="0" number="426"/>
						<line hits="0" number="427"/>
						<line branch="true" condition-coverage="0% (0/2)" hits="0" number="428"/>
						<line hits="0" number="429"/>
						<line hits="0" number="430"/>
						<line branch="true" condition-coverage="0% (0/2)" hits="0" number="431"/>
						<line branch="true" condition-coverage="0% (0/2)" hits="0" number="432"/>
						<line hits="0" number="433"/>
						<line branch="true" condition-coverage="0% (0/2)" hits="0" number="437"/>
						<line hits="0" number="438"/>
						<line hits="0" number="439"/>
						<line branch="true" condition-coverage="0% (0/2)" hits="0" number="444"/>
						<line hits="0" number="445"/>
						<line hits="0" number="446"/>
						<line hits="0" number="447"/>
						<line hits="0" number="448"/>
						<line branch="true" condition-coverage="0% (0/2)" hits="0" number="449"/>
						<line hits="0" number="450"/>
						<line hits="0" number="451"/>
						<line hits="0" number="452"/>
						<line hits="0" number="453"/>
						<line branch="true" condition-coverage="0% (0/2)" hits="0" number="454"/>
[...]
						<line hits="0" number="86"/>
						<line hits="0" number="87"/>
						<line hits="0" number="88"/>
						<line branch="true" condition-coverage="0% (0/2)" hits="0" number="89"/>
						<line hits="0" number="91"/>
						<line hits="0" number="96"/>
						<line hits="0" number="97"/>
						<line hits="0" number="98"/>
						<line hits="1" number="100"/>
						<line hits="0" number="105"/>
						<line hits="0" number="106"/>
						<line hits="0" number="107"/>
						<line hits="0" number="110"/>
						<line hits="0" number="111"/>
						<line hits="0" number="112"/>
						<line hits="1" number="114"/>
						<line hits="1" number="121"/>
						<line hits="1" number="123"/>
						<line hits="1" number="127"/>
						<line hits="1" number="128"/>
						<line hits="1" number="129"/>
						<line branch="true" condition-coverage="100% (2/2)" hits="1" number="132"/>
						<line hits="1" number="133"/>
						<line hits="1" number="134"/>
						<line hits="1" number="135"/>
						<line hits="1" number="136"/>
						<line hits="1" number="137"/>
						<line hits="1" number="139"/>
						<line hits="1" number="140"/>
						<line hits="1" number="141"/>
						<line hits="1" number="142"/>
						<line hits="1" number="143"/>
						<line hits="1" number="144"/>
						<line hits="1" number="146"/>
						<line hits="0" number="154"/>
						<line branch="true" condition-coverage="0% (0/2)" hits="0" number="155"/>
						<line hits="0" number="156"/>
						<line hits="0" number="158"/>
						<line hits="1" number="160"/>
						<line hits="0" number="162"/>
						<line hits="0" number="163"/>
						<line hits="0" number="164"/>
						<line hits="0" number="165"/>
						<line hits="1" number="167"/>
						<line hits="0" number="174"/>
						<line hits="1" number="176"/>
						<line hits="0" number="180"/>
						<line hits="1" number="182"/>
						<line hits="0" number="183"/>
					</lines>
				</class>
				<class branch-rate="0" complexity="0" filename="/usr/local/lib/python2.7/dist-packages/django/contrib/sessions/backends/__init__.py" line-rate="0" name="/usr/local/lib/python2.7/dist-packages/django/contrib/sessions/backends/__init__">
					<methods/>
					<lines/>
				</class>
				<class branch-rate="0.07143" complexity="0" filename="/usr/local/lib/python2.7/dist-packages/django/contrib/sessions/backends/base.py" line-rate="0.337" name="/usr/local/lib/python2.7/dist-packages/django/contrib/sessions/backends/base">
					<methods/>
					<lines>
						<line hits="1" number="1"/>
						<line hits="1" number="3"/>
						<line hits="1" number="4"/>
						<line hits="1" number="5"/>
						<line hits="1" number="6"/>
						<line hits="1" number="8"/>
						<line hits="1" number="9"/>
						<line hits="1" number="10"/>
						<line hits="1" number="11"/>
						<line hits="1" number="12"/>
						<line hits="1" number="13"/>
						<line hits="1" number="14"/>
						<line hits="1" number="15"/>
						<line hits="1" number="17"/>
						<line hits="1" number="21"/>
						<line hits="1" number="24"/>
						<line hits="1" number="29"/>
						<line hits="1" number="32"/>
						<line hits="1" number="36"/>
						<line hits="1" number="37"/>
						<line hits="1" number="39"/>
						<line hits="0" number="40"/>
						<line hits="0" number="41"/>
						<line hits="0" number="42"/>
						<line hits="0" number="43"/>
						<line hits="1" number="45"/>
						<line hits="0" number="46"/>
						<line hits="1" number="48"/>
						<line hits="0" number="49"/>
						<line hits="1" number="51"/>
						<line hits="0" number="52"/>
						<line hits="0" number="53"/>
						<line hits="1" number="55"/>
						<line hits="0" number="56"/>
						<line hits="0" number="57"/>
						<line hits="1" number="59"/>
						<line hits="0" number="60"/>
						<line hits="1" number="62"/>
						<line hits="0" number="63"/>
						<line hits="0" number="64"/>
						<line hits="1" number="66"/>
						<line branch="true" condition-coverage="0% (0/2)" hits="0" number="67"/>
						<line hits="0" number="68"/>
						<line hits="0" number="70"/>
						<line hits="0" number="71"/>
						<line hits="0" number="72"/>
						<line hits="1" number="74"/>
						<line hits="0" number="75"/>
						<line hits="1" number="77"/>
						<line hits="0" number="78"/>
						<line hits="1" number="80"/>
						<line hits="0" number="81"/>
						<line hits="1" number="83"/>
						<line hits="0" number="84"/>
						<line hits="0" number="85"/>
						<line hits="1" number="87"/>
						<line hits="0" number="89"/>
						<line hits="0" number="90"/>
						<line hits="0" number="91"/>
						<line hits="1" number="93"/>
						<line hits="0" number="94"/>
						<line hits="0" number="95"/>
						<line hits="0" number="97"/>
						<line hits="0" number="98"/>
						<line branch="true" condition-coverage="0% (0/2)" hits="0" number="99"/>
						<line hits="0" number="100"/>
						<line hits="0" number="102"/>
						<line hits="0" number="103"/>
						<line branch="true" condition-coverage="0% (0/2)" hits="0" number="106"/>
						<line hits="0" number="107"/>
						<line hits="0" number="109"/>
						<line hits="0" number="110"/>
						<line hits="1" number="112"/>
						<line hits="0" number="113"/>
						<line hits="0" number="114"/>
						<line hits="1" number="116"/>
						<line hits="0" number="117"/>
						<line hits="1" number="119"/>
						<line hits="0" number="120"/>
						<line hits="1" number="122"/>
						<line hits="0" number="123"/>
						<line hits="1" number="125"/>
						<line hits="0" number="126"/>
						<line hits="1" number="128"/>
						<line hits="0" number="129"/>
						<line hits="1" number="131"/>
						<line hits="0" number="132"/>
						<line hits="1" number="134"/>
						<line hits="0" number="135"/>
						<line hits="1" number="137"/>
						<line hits="0" number="141"/>
						<line hits="0" number="142"/>
						<line hits="0" number="143"/>
						<line hits="1" number="145"/>
						<line branch="true" condition-coverage="100% (2/2)" hits="0" number="147"/>
						<line hits="0" number="148"/>
						<line branch="true" condition-coverage="0% (0/2)" hits="0" number="149"/>
						<line hits="0" number="150"/>
						<line hits="0" number="151"/>
						<line hits="1" number="153"/>
						<line branch="true" condition-coverage="0% (0/2)" hits="0" number="154"/>
						<line hits="0" number="155"/>
						<line hits="0" number="156"/>
						<line hits="1" number="158"/>
						<line hits="0" number="159"/>
						<line hits="1" number="161"/>
						<line hits="1" number="163"/>
						<line hits="0" number="168"/>
						<line hits="0" number="169"/>
						<line hits="0" number="170"/>
						<line hits="0" number="171"/>
						<line branch="true" condition-coverage="0% (0/2)" hits="0" number="172"/>
						<line hits="0" number="173"/>
						<line hits="0" number="175"/>
						<line hits="0" number="176"/>
						<line hits="1" number="178"/>
						<line hits="1" number="180"/>
						<line hits="0" number="186"/>
						<line hits="0" number="187"/>
						<line hits="0" number="188"/>
						<line hits="0" number="189"/>
						<line hits="0" number="193"/>
						<line hits="0" number="194"/>
						<line hits="0" number="195"/>
						<line hits="0" number="196"/>
						<line branch="true" condition-coverage="0% (0/2)" hits="0" number="198"/>
						<line hits="0" number="199"/>
						<line branch="true" condition-coverage="0% (0/2)" hits="0" number="200"/>
						<line hits="0" number="201"/>
						<line hits="0" number="202"/>
						<line hits="0" number="203"/>
						<line hits="1" number="205"/>
						<line hits="0" number="211"/>
						<line hits="0" number="212"/>
						<line hits="0" number="213"/>
						<line hits="0" number="214"/>
						<line hits="0" number="216"/>
						<line hits="0" number="217"/>
						<line hits="0" number="218"/>
						<line hits="0" number="219"/>
						<line branch="true" condition-coverage="0% (0/2)" hits="0" number="221"/>
						<line hits="0" number="222"/>
						<line branch="true" condition-coverage="0% (0/2)" hits="0" number="223"/>
						<line hits="0" number="224"/>
						<line hits="0" number="225"/>
						<line hits="1" number="227"/>
						<line branch="true" condition-coverage="0% (0/2)" hits="0" number="242"/>
						<line hits="0" number="244"/>
						<line hits="0" number="245"/>
						<line hits="0" number="246"/>
						<line hits="0" number="247"/>
						<line hits="0" number="248"/>
						<line branch="true" condition-coverage="0% (0/2)" hits="0" number="249"/>
						<line hits="0" number="250"/>
						<line hits="0" number="251"/>
						<line hits="1" number="253"/>
						<line branch="true" condition-coverage="0% (0/2)" hits="0" number="260"/>
						<line hits="0" number="261"/>
						<line hits="0" number="262"/>
						<line hits="1" number="264"/>
						<line hits="0" number="269"/>
						<line hits="0" number="270"/>
						<line hits="0" number="271"/>
						<line hits="1" number="273"/>
						<line hits="0" number="277"/>
						<line hits="0" number="278"/>
						<line hits="0" number="279"/>
						<line hits="0" number="280"/>
						<line hits="0" number="281"/>
						<line hits="1" number="285"/>
						<line hits="0" number="289"/>
						<line hits="1" number="291"/>
						<line hits="0" number="297"/>
						<line hits="1" number="299"/>
						<line hits="0" number="305"/>
						<line hits="1" number="307"/>
						<line hits="0" number="312"/>
						<line hits="1" number="314"/>
						<line hits="0" number="318"/>
						<line hits="1" number="320"/>
						<line hits="0" number="329"/>
					</lines>
				</class>
				<class branch-rate="0.1667" complexity="0" filename="/usr/local/lib/python2.7/dist-packages/django/contrib/sessions/backends/db.py" line-rate="0.283" name="/usr/local/lib/python2.7/dist-packages/django/contrib/sessions/backends/db">
					<methods/>
					<lines>
						<line hits="1" number="1"/>
						<line hits="1" number="3"/>
						<line hits="1" number="4"/>
						<line hits="1" number="5"/>
						<line hits="1" number="6"/>
						<line hits="1" number="7"/>
						<line hits="1" number="10"/>
						<line hits="1" number="14"/>
						<line hits="0" number="15"/>
						<line hits="1" number="17"/>
						<line hits="0" number="18"/>
						<line hits="0" number="19"/>
						<line hits="0" number="23"/>
						<line hits="0" number="24"/>
						<line branch="true" condition-coverage="0% (0/2)" hits="0" number="25"/>
						<line hits="0" number="26"/>
						<line hits="0" number="28"/>
						<line hits="0" number="29"/>
						<line hits="0" number="30"/>
						<line hits="1" number="32"/>
						<line hits="0" number="33"/>
						<line hits="1" number="35"/>
						<line branch="true" condition-coverage="100% (2/2)" hits="0" number="36"/>
						<line hits="0" number="37"/>
						<line hits="0" number="38"/>
						<line hits="0" number="41"/>
						<line hits="0" number="42"/>
						<line hits="0" number="44"/>
						<line hits="0" number="45"/>
						<line hits="0" number="46"/>
						<line hits="0" number="47"/>
						<line hits="1" number="49"/>
						<line hits="0" number="56"/>
						<line hits="0" number="61"/>
						<line hits="0" number="62"/>
						<line hits="0" number="63"/>
						<line branch="true" condition-coverage="0% (0/2)" hits="0" number="64"/>
						<line hits="0" number="65"/>
						<line branch="true" condition-coverage="0% (0/2)" hits="0" number="66"/>
						<line hits="0" number="67"/>
						<line hits="0" number="68"/>
						<line hits="1" number="70"/>
						<line branch="true" condition-coverage="0% (0/2)" hits="0" number="71"/>
						<line branch="true" condition-coverage="0% (0/2)" hits="0" number="72"/>
						<line hits="0" number="73"/>
						<line hits="0" number="74"/>
						<line hits="0" number="75"/>
						<line hits="0" number="76"/>
						<line hits="0" number="77"/>
						<line hits="0" number="78"/>
						<line hits="1" number="80"/>
						<line hits="0" number="82"/>
						<line hits="1" number="86"/>
					</lines>
				</class>
				<class branch-rate="0" complexity="0" filename="/usr/local/lib/python2.7/dist-packages/django/contrib/sessions/exceptions.py" line-rate="1" name="/usr/local/lib/python2.7/dist-packages/django/contrib/sessions/exceptions">
					<methods/>
					<lines>
						<line hits="1" number="1"/>
						<line hits="1" number="4"/>
						<line hits="1" number="6"/>
						<line hits="1" number="9"/>
						<line hits="1" number="11"/>
					</lines>
				</class>
				<class branch-rate="0" complexity="0" filename="/usr/local/lib/python2.7/dist-packages/django/contrib/sessions/management/__init__.py" line-rate="0" name="/usr/local/lib/python2.7/dist-packages/django/contrib/sessions/management/__init__">
					<methods/>
					<lines/>
				</class>
				<class branch-rate="0" complexity="0" filename="/usr/local/lib/python2.7/dist-packages/django/contrib/sessions/models.py" line-rate="0.7083" name="/usr/local/lib/python2.7/dist-packages/django/contrib/sessions/models">
					<methods/>
					<lines>
						<line hits="1" number="1"/>
						<line hits="1" number="3"/>
						<line hits="1" number="4"/>
						<line hits="1" number="7"/>
						<line hits="1" number="8"/>
						<line hits="0" number="12"/>
						<line hits="1" number="14"/>
						<line hits="0" number="15"/>
						<line branch="true" condition-coverage="0% (0/2)" hits="0" number="16"/>
						<line hits="0" number="17"/>
						<line hits="0" number="19"/>
						<line hits="0" number="20"/>
						<line hits="1" number="23"/>
						<line hits="1" number="40"/>
						<line hits="1" number="42"/>
						<line hits="1" number="43"/>
						<line hits="1" number="44"/>
						<line hits="1" number="46"/>
						<line hits="1" number="47"/>
						<line hits="1" number="48"/>
						<line hits="1" number="49"/>
						<line hits="1" number="51"/>
						<line hits="0" number="52"/>
						<line hits="1" number="56"/>
					</lines>
				</class>
				<class branch-rate="0" complexity="0" filename="/usr/local/lib/python2.7/dist-packages/django/contrib/sites/admin.py" line-rate="1" name="/usr/local/lib/python2.7/dist-packages/django/contrib/sites/admin">
					<methods/>
					<lines>
						<line hits="1" number="1"/>
						<line hits="1" number="2"/>
						<line hits="1" number="5"/>
						<line hits="1" number="6"/>
						<line hits="1" number="7"/>
						<line hits="1" number="9"/>
					</lines>
				</class>
				<class branch-rate="0.3333" complexity="0" filename="/usr/local/lib/python2.7/dist-packages/django/contrib/sites/management.py" line-rate="0.625" name="/usr/local/lib/python2.7/dist-packages/django/contrib/sites/management">
					<methods/>
					<lines>
						<line hits="1" number="5"/>
						<line hits="1" number="6"/>
						<line hits="1" number="7"/>
						<line hits="1" number="8"/>
						<line hits="1" number="11"/>
						<line hits="1" number="12"/>
						<line hits="1" number="13"/>
						<line hits="0" number="14"/>
						<line hits="0" number="15"/>
						<line branch="true" condition-coverage="50% (1/2)" hits="1" number="17"/>
						<line hits="0" number="18"/>
						<line branch="true" condition-coverage="50% (1/2)" hits="1" number="20"/>
						<line branch="true" condition-coverage="50% (1/2)" hits="1" number="26"/>
						<line hits="0" number="27"/>
						<line hits="1" number="28"/>
						<line hits="1" number="32"/>
						<line branch="true" condition-coverage="50% (1/2)" hits="1" number="33"/>
						<line branch="true" condition-coverage="0% (0/2)" hits="0" number="34"/>
						<line hits="0" number="35"/>
						<line hits="0" number="36"/>
						<line branch="true" condition-coverage="0% (0/2)" hits="0" number="37"/>
						<line hits="0" number="38"/>
						<line hits="1" number="40"/>
						<line hits="1" number="43"/>
					</lines>
				</class>
				<class branch-rate="0.25" complexity="0" filename="/usr/local/lib/python2.7/dist-packages/django/contrib/sites/models.py" line-rate="0.65" name="/usr/local/lib/python2.7/dist-packages/django/contrib/sites/models">
					<methods/>
					<lines>
						<line hits="1" number="1"/>
						<line hits="1" number="3"/>
						<line hits="1" number="4"/>
						<line hits="1" number="6"/>
						<line hits="1" number="7"/>
						<line hits="1" number="8"/>
						<line hits="1" number="9"/>
						<line hits="1" number="10"/>
						<line hits="1" number="11"/>
						<line hits="1" number="13"/>
						<line hits="1" number="14"/>
						<line hits="1" number="17"/>
						<line hits="1" number="20"/>
						<line branch="true" condition-coverage="0% (0/2)" hits="0" number="25"/>
						<line hits="0" number="26"/>
						<line branch="true" condition-coverage="0% (0/2)" hits="0" number="27"/>
						<line branch="true" condition-coverage="0% (0/2)" hits="0" number="28"/>
						<line hits="0" number="29"/>
						<line hits="1" number="35"/>
						<line hits="1" number="37"/>
						<line hits="0" number="43"/>
						<line hits="0" number="44"/>
						<line hits="0" number="45"/>
						<line hits="0" number="46"/>
						<line hits="0" number="47"/>
						<line hits="0" number="51"/>
						<line hits="0" number="52"/>
						<line hits="0" number="53"/>
						<line hits="0" number="54"/>
						<line hits="0" number="55"/>
						<line hits="0" number="56"/>
						<line hits="1" number="58"/>
						<line hits="1" number="61"/>
						<line branch="true" condition-coverage="100% (2/2)" hits="1" number="64"/>
						<line hits="1" number="65"/>
						<line hits="1" number="67"/>
						<line hits="1" number="69"/>
						<line hits="1" number="70"/>
						<line hits="1" number="72"/>
						<line hits="1" number="73"/>
						<line hits="1" number="74"/>
						<line hits="1" number="75"/>
						<line hits="1" number="76"/>
						<line hits="1" number="78"/>
						<line hits="0" number="79"/>
						<line hits="1" number="82"/>
						<line hits="1" number="83"/>
						<line hits="0" number="84"/>
						<line hits="0" number="87"/>
						<line hits="1" number="90"/>
						<line hits="0" number="91"/>
						<line hits="0" number="94"/>
						<line hits="1" number="97"/>
						<line hits="1" number="101"/>
						<line hits="1" number="102"/>
						<line hits="1" number="103"/>
						<line hits="1" number="104"/>
						<line hits="1" number="105"/>
						<line hits="1" number="106"/>
						<line hits="1" number="107"/>
					</lines>
				</class>
				<class branch-rate="1" complexity="0" filename="/usr/local/lib/python2.7/dist-packages/django/contrib/sites/requests.py" line-rate="0.6667" name="/usr/local/lib/python2.7/dist-packages/django/contrib/sites/requests">
					<methods/>
					<lines>
						<line hits="1" number="1"/>
						<line hits="1" number="3"/>
						<line branch="true" condition-coverage="100% (2/2)" hits="1" number="6"/>
						<line hits="1" number="7"/>
						<line hits="1" number="15"/>
						<line hits="0" number="16"/>
						<line hits="1" number="18"/>
						<line hits="0" number="19"/>
						<line hits="1" number="21"/>
						<line hits="0" number="22"/>
						<line hits="1" number="24"/>
						<line hits="0" number="25"/>
					</lines>
				</class>
				<class branch-rate="0" complexity="0" filename="/usr/local/lib/python2.7/dist-packages/django/contrib/sites/shortcuts.py" line-rate="0.375" name="/usr/local/lib/python2.7/dist-packages/django/contrib/sites/shortcuts">
					<methods/>
					<lines>
						<line hits="1" number="1"/>
						<line hits="1" number="3"/>
						<line hits="1" number="6"/>
						<line branch="true" condition-coverage="0% (0/2)" hits="0" number="13"/>
						<line hits="0" number="14"/>
						<line hits="0" number="15"/>
						<line hits="0" number="17"/>
						<line hits="0" number="18"/>
					</lines>
				</class>
				<class branch-rate="0" complexity="0" filename="/usr/local/lib/python2.7/dist-packages/django/contrib/staticfiles/management/__init__.py" line-rate="0" name="/usr/local/lib/python2.7/dist-packages/django/contrib/staticfiles/management/__init__">
					<methods/>
					<lines/>
				</class>
			</classes>
		</package>
	</packages>
</coverage>
